Using pre-set license
Built from '2020.3/release' branch; Version is '2020.3.15f2 (6cf78cb77498) revision 7141260'; Using compiler version '192528614'; Build Type 'Release'
OS: 'Windows 10 Home; OS build 19043.1288; Version 2009; 64bit' Language: 'ru' Physical Memory: 16343 MB
BatchMode: 1, IsHumanControllingUs: 0, StartBugReporterOnCrash: 0, Is64bit: 1, IsPro: 0

 COMMAND LINE ARGUMENTS:
E:\Ucheba\2020.3.15f2\Editor\Unity.exe
-adb2
-batchMode
-noUpm
-name
AssetImportWorker2
-projectPath
E:/Ucheba/MobileRace
-logFile
Logs/AssetImportWorker2.log
-srvPort
59316
Successfully changed project path to: E:/Ucheba/MobileRace
E:/Ucheba/MobileRace
Using Asset Import Pipeline V2.
Refreshing native plugins compatible for Editor in 93.67 ms, found 3 plugins.
Preloading 0 native plugins for Editor in 0.00 ms.
Initialize engine version: 2020.3.15f2 (6cf78cb77498)
[Subsystems] Discovering subsystems at path E:/Ucheba/2020.3.15f2/Editor/Data/Resources/UnitySubsystems
[Subsystems] Discovering subsystems at path E:/Ucheba/MobileRace/Assets
GfxDevice: creating device client; threaded=0
Direct3D:
    Version:  Direct3D 11.0 [level 11.0]
    Renderer: NVIDIA GeForce GTX 650 Ti (ID=0x11c6)
    Vendor:   
    VRAM:     2007 MB
    Driver:   27.21.14.5671
Initialize mono
Mono path[0] = 'E:/Ucheba/2020.3.15f2/Editor/Data/Managed'
Mono path[1] = 'E:/Ucheba/2020.3.15f2/Editor/Data/MonoBleedingEdge/lib/mono/unityjit'
Mono config path = 'E:/Ucheba/2020.3.15f2/Editor/Data/MonoBleedingEdge/etc'
Using monoOptions --debugger-agent=transport=dt_socket,embedding=1,server=y,suspend=n,address=127.0.0.1:56348
Begin MonoManager ReloadAssembly
Registering precompiled unity dll's ...
Register platform support module: E:/Ucheba/2020.3.15f2/Editor/Data/PlaybackEngines/WebGLSupport/UnityEditor.WebGL.Extensions.dll
Register platform support module: E:/Ucheba/2020.3.15f2/Editor/Data/PlaybackEngines/WindowsStandaloneSupport/UnityEditor.WindowsStandalone.Extensions.dll
Register platform support module: E:/Ucheba/2020.3.15f2/Editor/Data/PlaybackEngines/LuminSupport/UnityEditor.Lumin.Extensions.dll
Registered in 0.001939 seconds.
Native extension for Lumin target not found
Native extension for WindowsStandalone target not found
Native extension for WebGL target not found
Refreshing native plugins compatible for Editor in 74.83 ms, found 3 plugins.
Preloading 0 native plugins for Editor in 0.00 ms.
Mono: successfully reloaded assembly
- Completed reload, in  5.420 seconds
Domain Reload Profiling:
	ReloadAssembly (5421ms)
		BeginReloadAssembly (67ms)
			ExecutionOrderSort (0ms)
			DisableScriptedObjects (0ms)
			BackupInstance (0ms)
			ReleaseScriptingObjects (0ms)
			CreateAndSetChildDomain (1ms)
		EndReloadAssembly (1056ms)
			LoadAssemblies (66ms)
			RebuildTransferFunctionScriptingTraits (0ms)
			SetupTypeCache (630ms)
			ReleaseScriptCaches (0ms)
			RebuildScriptCaches (50ms)
			SetupLoadedEditorAssemblies (280ms)
				LogAssemblyErrors (0ms)
				InitializePlatformSupportModulesInManaged (6ms)
				SetLoadedEditorAssemblies (0ms)
				RefreshPlugins (75ms)
				BeforeProcessingInitializeOnLoad (19ms)
				ProcessInitializeOnLoadAttributes (109ms)
				ProcessInitializeOnLoadMethodAttributes (70ms)
				AfterProcessingInitializeOnLoad (0ms)
				EditorAssembliesLoaded (0ms)
			ExecutionOrderSort2 (0ms)
			AwakeInstancesAfterBackupRestoration (0ms)
Platform modules already initialized, skipping
Registering precompiled user dll's ...
Registered in 0.005063 seconds.
Begin MonoManager ReloadAssembly
Native extension for Lumin target not found
Native extension for WindowsStandalone target not found
Native extension for WebGL target not found
Refreshing native plugins compatible for Editor in 73.10 ms, found 3 plugins.
Preloading 0 native plugins for Editor in 0.00 ms.
Mono: successfully reloaded assembly
- Completed reload, in  1.965 seconds
Domain Reload Profiling:
	ReloadAssembly (1966ms)
		BeginReloadAssembly (188ms)
			ExecutionOrderSort (0ms)
			DisableScriptedObjects (6ms)
			BackupInstance (0ms)
			ReleaseScriptingObjects (0ms)
			CreateAndSetChildDomain (23ms)
		EndReloadAssembly (1705ms)
			LoadAssemblies (121ms)
			RebuildTransferFunctionScriptingTraits (0ms)
			SetupTypeCache (416ms)
			ReleaseScriptCaches (1ms)
			RebuildScriptCaches (94ms)
			SetupLoadedEditorAssemblies (907ms)
				LogAssemblyErrors (0ms)
				InitializePlatformSupportModulesInManaged (6ms)
				SetLoadedEditorAssemblies (0ms)
				RefreshPlugins (73ms)
				BeforeProcessingInitializeOnLoad (125ms)
				ProcessInitializeOnLoadAttributes (630ms)
				ProcessInitializeOnLoadMethodAttributes (68ms)
				AfterProcessingInitializeOnLoad (3ms)
				EditorAssembliesLoaded (0ms)
			ExecutionOrderSort2 (0ms)
			AwakeInstancesAfterBackupRestoration (10ms)
Platform modules already initialized, skipping
========================================================================
Worker process is ready to serve import requests
Launched and connected shader compiler UnityShaderCompiler.exe after 0.24 seconds
Refreshing native plugins compatible for Editor in 0.98 ms, found 3 plugins.
Preloading 0 native plugins for Editor in 0.00 ms.
Unloading 2666 Unused Serialized files (Serialized files now loaded: 0)
System memory in use before: 110.2 MB.
System memory in use after: 110.3 MB.

Unloading 69 unused Assets to reduce memory usage. Loaded Objects now: 3071.
Total: 7.914600 ms (FindLiveObjects: 0.245300 ms CreateObjectMapping: 0.112600 ms MarkObjects: 7.361300 ms  DeleteObjects: 0.193700 ms)

AssetImportParameters requested are different than current active one (requested -> active):
  custom:framework-win-MediaFoundation: 216162199b28c13a410421893ffa2e32 -> 
  custom:video-decoder-ogg-theora: a1e56fd34408186e4bbccfd4996cb3dc -> 
  custom:container-muxer-webm: aa71ff27fc2769a1b78a27578f13a17b -> 
  custom:container-demuxer-webm: 4f35f7cbe854078d1ac9338744f61a02 -> 
  custom:container-demuxer-ogg: 62fdf1f143b41e24485cea50d1cbac27 -> 
  custom:video-encoder-webm-vp8: eb34c28f22e8b96e1ab97ce403110664 -> 
  custom:video-decoder-webm-vp8: 9c59270c3fd7afecdb556c50c9e8de78 -> 
  custom:audio-decoder-ogg-vorbis: bf7c407c2cedff20999df2af8eb42d56 -> 
  custom:audio-encoder-webm-vorbis: bf7c407c2cedff20999df2af8eb42d56 -> 
========================================================================
Received Import Request.
  path: Assets/Resources/Prefabs/mainMenu.prefab
  artifactKey: Guid(f73b5ceaabd6ca94b894ab0f3d4f7577) Importer(815301076,1909f56bfc062723c751e8b465ee728b)
Start importing Assets/Resources/Prefabs/mainMenu.prefab using Guid(f73b5ceaabd6ca94b894ab0f3d4f7577) Importer(815301076,1909f56bfc062723c751e8b465ee728b)  -> (artifact id: 'eb8f8d69e97f3c83d330a2aa9bbe7d9b') in 0.196237 seconds 
  Import took 0.201506 seconds .

========================================================================
Received Import Request.
  Time since last request: 1.303267 seconds.
  path: Assets/Resources/Prefabs/mainMenu.prefab
  artifactKey: Guid(f73b5ceaabd6ca94b894ab0f3d4f7577) Importer(815301076,1909f56bfc062723c751e8b465ee728b)
Start importing Assets/Resources/Prefabs/mainMenu.prefab using Guid(f73b5ceaabd6ca94b894ab0f3d4f7577) Importer(815301076,1909f56bfc062723c751e8b465ee728b)  -> (artifact id: 'f4da87837655bd859f72921857f7e880') in 0.041929 seconds 
  Import took 0.047195 seconds .

========================================================================
Received Import Request.
  Time since last request: 3.665291 seconds.
  path: Assets/Resources/Prefabs/mainMenu.prefab
  artifactKey: Guid(f73b5ceaabd6ca94b894ab0f3d4f7577) Importer(815301076,1909f56bfc062723c751e8b465ee728b)
Start importing Assets/Resources/Prefabs/mainMenu.prefab using Guid(f73b5ceaabd6ca94b894ab0f3d4f7577) Importer(815301076,1909f56bfc062723c751e8b465ee728b)  -> (artifact id: '524ed3aa6ffb975d8fa7c2c67358e95f') in 0.033559 seconds 
  Import took 0.055393 seconds .

========================================================================
Received Import Request.
  Time since last request: 25.504500 seconds.
  path: Assets/Resources/Prefabs/mainMenu.prefab
  artifactKey: Guid(f73b5ceaabd6ca94b894ab0f3d4f7577) Importer(815301076,1909f56bfc062723c751e8b465ee728b)
Start importing Assets/Resources/Prefabs/mainMenu.prefab using Guid(f73b5ceaabd6ca94b894ab0f3d4f7577) Importer(815301076,1909f56bfc062723c751e8b465ee728b)  -> (artifact id: 'f6730ec80eeed3fbc748fbf8d5a48386') in 0.031911 seconds 
  Import took 0.037290 seconds .

========================================================================
Received Import Request.
  Time since last request: 6.979581 seconds.
  path: Assets/Resources/Prefabs/mainMenu.prefab
  artifactKey: Guid(f73b5ceaabd6ca94b894ab0f3d4f7577) Importer(815301076,1909f56bfc062723c751e8b465ee728b)
Start importing Assets/Resources/Prefabs/mainMenu.prefab using Guid(f73b5ceaabd6ca94b894ab0f3d4f7577) Importer(815301076,1909f56bfc062723c751e8b465ee728b)  -> (artifact id: '4a376b92233e9ff8d1eb8f86570a3fac') in 0.034827 seconds 
  Import took 0.040343 seconds .

========================================================================
Received Prepare
Registering precompiled user dll's ...
Registered in 0.004729 seconds.
Begin MonoManager ReloadAssembly
Native extension for Lumin target not found
Native extension for WindowsStandalone target not found
Native extension for WebGL target not found
Refreshing native plugins compatible for Editor in 1.04 ms, found 3 plugins.
Preloading 0 native plugins for Editor in 0.00 ms.
Mono: successfully reloaded assembly
- Completed reload, in  1.594 seconds
Domain Reload Profiling:
	ReloadAssembly (1594ms)
		BeginReloadAssembly (176ms)
			ExecutionOrderSort (0ms)
			DisableScriptedObjects (11ms)
			BackupInstance (0ms)
			ReleaseScriptingObjects (0ms)
			CreateAndSetChildDomain (73ms)
		EndReloadAssembly (1345ms)
			LoadAssemblies (119ms)
			RebuildTransferFunctionScriptingTraits (0ms)
			SetupTypeCache (366ms)
			ReleaseScriptCaches (1ms)
			RebuildScriptCaches (71ms)
			SetupLoadedEditorAssemblies (648ms)
				LogAssemblyErrors (0ms)
				InitializePlatformSupportModulesInManaged (8ms)
				SetLoadedEditorAssemblies (1ms)
				RefreshPlugins (1ms)
				BeforeProcessingInitializeOnLoad (130ms)
				ProcessInitializeOnLoadAttributes (461ms)
				ProcessInitializeOnLoadMethodAttributes (44ms)
				AfterProcessingInitializeOnLoad (3ms)
				EditorAssembliesLoaded (0ms)
			ExecutionOrderSort2 (0ms)
			AwakeInstancesAfterBackupRestoration (14ms)
Platform modules already initialized, skipping
Switching build target platform(19) subTarget(0) extendedPlatform(0) -> platform(13) subTarget(537395200) extendedPlatform(0)
Refreshing native plugins compatible for Editor in 1.10 ms, found 3 plugins.
Preloading 0 native plugins for Editor in 0.00 ms.
Unloading 2651 Unused Serialized files (Serialized files now loaded: 0)
System memory in use before: 109.0 MB.
System memory in use after: 109.0 MB.

Unloading 58 unused Assets to reduce memory usage. Loaded Objects now: 3077.
Total: 6.985200 ms (FindLiveObjects: 0.257100 ms CreateObjectMapping: 0.115600 ms MarkObjects: 6.456300 ms  DeleteObjects: 0.154700 ms)

AssetImportParameters requested are different than current active one (requested -> active):
  custom:framework-win-MediaFoundation: 216162199b28c13a410421893ffa2e32 -> 
  custom:video-decoder-ogg-theora: a1e56fd34408186e4bbccfd4996cb3dc -> 
  custom:container-muxer-webm: aa71ff27fc2769a1b78a27578f13a17b -> 
  custom:container-demuxer-webm: 4f35f7cbe854078d1ac9338744f61a02 -> 
  custom:container-demuxer-ogg: 62fdf1f143b41e24485cea50d1cbac27 -> 
  custom:video-encoder-webm-vp8: eb34c28f22e8b96e1ab97ce403110664 -> 
  custom:video-decoder-webm-vp8: 9c59270c3fd7afecdb556c50c9e8de78 -> 
  custom:graphics/normal-map-encoding: 01000000000000000000000000000000 -> 02000000000000000000000000000000
  custom:audio-decoder-ogg-vorbis: bf7c407c2cedff20999df2af8eb42d56 -> 
  custom:audio-encoder-webm-vorbis: bf7c407c2cedff20999df2af8eb42d56 -> 
========================================================================
Received Prepare
Registering precompiled user dll's ...
Registered in 1.034232 seconds.
Begin MonoManager ReloadAssembly
Native extension for Lumin target not found
Native extension for WindowsStandalone target not found
Native extension for WebGL target not found
Refreshing native plugins compatible for Editor in 0.99 ms, found 3 plugins.
Preloading 0 native plugins for Editor in 0.00 ms.
Mono: successfully reloaded assembly
- Completed reload, in  9.013 seconds
Domain Reload Profiling:
	ReloadAssembly (9014ms)
		BeginReloadAssembly (3217ms)
			ExecutionOrderSort (0ms)
			DisableScriptedObjects (9ms)
			BackupInstance (0ms)
			ReleaseScriptingObjects (0ms)
			CreateAndSetChildDomain (48ms)
		EndReloadAssembly (5729ms)
			LoadAssemblies (6375ms)
			RebuildTransferFunctionScriptingTraits (0ms)
			SetupTypeCache (1411ms)
			ReleaseScriptCaches (1ms)
			RebuildScriptCaches (68ms)
			SetupLoadedEditorAssemblies (717ms)
				LogAssemblyErrors (0ms)
				InitializePlatformSupportModulesInManaged (8ms)
				SetLoadedEditorAssemblies (1ms)
				RefreshPlugins (1ms)
				BeforeProcessingInitializeOnLoad (119ms)
				ProcessInitializeOnLoadAttributes (541ms)
				ProcessInitializeOnLoadMethodAttributes (43ms)
				AfterProcessingInitializeOnLoad (4ms)
				EditorAssembliesLoaded (0ms)
			ExecutionOrderSort2 (0ms)
			AwakeInstancesAfterBackupRestoration (14ms)
Platform modules already initialized, skipping
Switching build target platform(19) subTarget(0) extendedPlatform(0) -> platform(13) subTarget(537395200) extendedPlatform(0)
Refreshing native plugins compatible for Editor in 0.99 ms, found 3 plugins.
Preloading 0 native plugins for Editor in 0.00 ms.
Unloading 2651 Unused Serialized files (Serialized files now loaded: 0)
System memory in use before: 109.0 MB.
System memory in use after: 109.1 MB.

Unloading 57 unused Assets to reduce memory usage. Loaded Objects now: 3081.
Total: 7.453000 ms (FindLiveObjects: 0.250000 ms CreateObjectMapping: 0.112700 ms MarkObjects: 6.937500 ms  DeleteObjects: 0.151200 ms)

AssetImportParameters requested are different than current active one (requested -> active):
  custom:framework-win-MediaFoundation: 216162199b28c13a410421893ffa2e32 -> 
  custom:video-decoder-ogg-theora: a1e56fd34408186e4bbccfd4996cb3dc -> 
  custom:container-muxer-webm: aa71ff27fc2769a1b78a27578f13a17b -> 
  custom:container-demuxer-webm: 4f35f7cbe854078d1ac9338744f61a02 -> 
  custom:container-demuxer-ogg: 62fdf1f143b41e24485cea50d1cbac27 -> 
  custom:video-encoder-webm-vp8: eb34c28f22e8b96e1ab97ce403110664 -> 
  custom:video-decoder-webm-vp8: 9c59270c3fd7afecdb556c50c9e8de78 -> 
  custom:graphics/normal-map-encoding: 01000000000000000000000000000000 -> 02000000000000000000000000000000
  custom:audio-decoder-ogg-vorbis: bf7c407c2cedff20999df2af8eb42d56 -> 
  custom:audio-encoder-webm-vorbis: bf7c407c2cedff20999df2af8eb42d56 -> 
========================================================================
Received Import Request.
  Time since last request: 35669.142250 seconds.
  path: Assets/Resources/Prefabs/Fight Window.prefab
  artifactKey: Guid(ef290bdb62919be43b2c5cb327857e89) Importer(815301076,1909f56bfc062723c751e8b465ee728b)
Start importing Assets/Resources/Prefabs/Fight Window.prefab using Guid(ef290bdb62919be43b2c5cb327857e89) Importer(815301076,1909f56bfc062723c751e8b465ee728b)  -> (artifact id: 'aa479e426f9c061c7dbf8d6f125d07ad') in 0.153454 seconds 
  Import took 0.160082 seconds .

========================================================================
Received Prepare
Registering precompiled user dll's ...
Registered in 0.004699 seconds.
Begin MonoManager ReloadAssembly
Native extension for Lumin target not found
Native extension for WindowsStandalone target not found
Native extension for WebGL target not found
Refreshing native plugins compatible for Editor in 1.04 ms, found 3 plugins.
Preloading 0 native plugins for Editor in 0.00 ms.
Mono: successfully reloaded assembly
- Completed reload, in  1.630 seconds
Domain Reload Profiling:
	ReloadAssembly (1631ms)
		BeginReloadAssembly (157ms)
			ExecutionOrderSort (0ms)
			DisableScriptedObjects (9ms)
			BackupInstance (0ms)
			ReleaseScriptingObjects (0ms)
			CreateAndSetChildDomain (48ms)
		EndReloadAssembly (1399ms)
			LoadAssemblies (131ms)
			RebuildTransferFunctionScriptingTraits (0ms)
			SetupTypeCache (407ms)
			ReleaseScriptCaches (1ms)
			RebuildScriptCaches (77ms)
			SetupLoadedEditorAssemblies (619ms)
				LogAssemblyErrors (0ms)
				InitializePlatformSupportModulesInManaged (9ms)
				SetLoadedEditorAssemblies (2ms)
				RefreshPlugins (1ms)
				BeforeProcessingInitializeOnLoad (142ms)
				ProcessInitializeOnLoadAttributes (417ms)
				ProcessInitializeOnLoadMethodAttributes (45ms)
				AfterProcessingInitializeOnLoad (3ms)
				EditorAssembliesLoaded (0ms)
			ExecutionOrderSort2 (0ms)
			AwakeInstancesAfterBackupRestoration (14ms)
Platform modules already initialized, skipping
Switching build target platform(19) subTarget(0) extendedPlatform(0) -> platform(13) subTarget(537395200) extendedPlatform(0)
Refreshing native plugins compatible for Editor in 1.66 ms, found 3 plugins.
Preloading 0 native plugins for Editor in 0.00 ms.
Unloading 2651 Unused Serialized files (Serialized files now loaded: 0)
System memory in use before: 109.0 MB.
System memory in use after: 109.1 MB.

Unloading 58 unused Assets to reduce memory usage. Loaded Objects now: 3085.
Total: 7.317300 ms (FindLiveObjects: 0.307300 ms CreateObjectMapping: 0.156600 ms MarkObjects: 6.684900 ms  DeleteObjects: 0.166900 ms)

AssetImportParameters requested are different than current active one (requested -> active):
  custom:framework-win-MediaFoundation: 216162199b28c13a410421893ffa2e32 -> 
  custom:video-decoder-ogg-theora: a1e56fd34408186e4bbccfd4996cb3dc -> 
  custom:container-muxer-webm: aa71ff27fc2769a1b78a27578f13a17b -> 
  custom:container-demuxer-webm: 4f35f7cbe854078d1ac9338744f61a02 -> 
  custom:container-demuxer-ogg: 62fdf1f143b41e24485cea50d1cbac27 -> 
  custom:video-encoder-webm-vp8: eb34c28f22e8b96e1ab97ce403110664 -> 
  custom:video-decoder-webm-vp8: 9c59270c3fd7afecdb556c50c9e8de78 -> 
  custom:graphics/normal-map-encoding: 01000000000000000000000000000000 -> 02000000000000000000000000000000
  custom:audio-decoder-ogg-vorbis: bf7c407c2cedff20999df2af8eb42d56 -> 
  custom:audio-encoder-webm-vorbis: bf7c407c2cedff20999df2af8eb42d56 -> 
========================================================================
Received Prepare
Registering precompiled user dll's ...
Registered in 0.004973 seconds.
Begin MonoManager ReloadAssembly
Native extension for Lumin target not found
Native extension for WindowsStandalone target not found
Native extension for WebGL target not found
Refreshing native plugins compatible for Editor in 1.00 ms, found 3 plugins.
Preloading 0 native plugins for Editor in 0.00 ms.
Mono: successfully reloaded assembly
- Completed reload, in  1.618 seconds
Domain Reload Profiling:
	ReloadAssembly (1619ms)
		BeginReloadAssembly (167ms)
			ExecutionOrderSort (0ms)
			DisableScriptedObjects (9ms)
			BackupInstance (0ms)
			ReleaseScriptingObjects (0ms)
			CreateAndSetChildDomain (48ms)
		EndReloadAssembly (1381ms)
			LoadAssemblies (135ms)
			RebuildTransferFunctionScriptingTraits (0ms)
			SetupTypeCache (385ms)
			ReleaseScriptCaches (1ms)
			RebuildScriptCaches (70ms)
			SetupLoadedEditorAssemblies (653ms)
				LogAssemblyErrors (0ms)
				InitializePlatformSupportModulesInManaged (8ms)
				SetLoadedEditorAssemblies (1ms)
				RefreshPlugins (1ms)
				BeforeProcessingInitializeOnLoad (144ms)
				ProcessInitializeOnLoadAttributes (452ms)
				ProcessInitializeOnLoadMethodAttributes (45ms)
				AfterProcessingInitializeOnLoad (3ms)
				EditorAssembliesLoaded (0ms)
			ExecutionOrderSort2 (0ms)
			AwakeInstancesAfterBackupRestoration (14ms)
Platform modules already initialized, skipping
Switching build target platform(19) subTarget(0) extendedPlatform(0) -> platform(13) subTarget(537395200) extendedPlatform(0)
Refreshing native plugins compatible for Editor in 1.04 ms, found 3 plugins.
Preloading 0 native plugins for Editor in 0.00 ms.
Unloading 2651 Unused Serialized files (Serialized files now loaded: 0)
System memory in use before: 109.1 MB.
System memory in use after: 109.1 MB.

Unloading 57 unused Assets to reduce memory usage. Loaded Objects now: 3089.
Total: 8.083500 ms (FindLiveObjects: 0.244500 ms CreateObjectMapping: 0.132300 ms MarkObjects: 7.549800 ms  DeleteObjects: 0.155200 ms)

AssetImportParameters requested are different than current active one (requested -> active):
  custom:framework-win-MediaFoundation: 216162199b28c13a410421893ffa2e32 -> 
  custom:video-decoder-ogg-theora: a1e56fd34408186e4bbccfd4996cb3dc -> 
  custom:container-muxer-webm: aa71ff27fc2769a1b78a27578f13a17b -> 
  custom:container-demuxer-webm: 4f35f7cbe854078d1ac9338744f61a02 -> 
  custom:container-demuxer-ogg: 62fdf1f143b41e24485cea50d1cbac27 -> 
  custom:video-encoder-webm-vp8: eb34c28f22e8b96e1ab97ce403110664 -> 
  custom:video-decoder-webm-vp8: 9c59270c3fd7afecdb556c50c9e8de78 -> 
  custom:graphics/normal-map-encoding: 01000000000000000000000000000000 -> 02000000000000000000000000000000
  custom:audio-decoder-ogg-vorbis: bf7c407c2cedff20999df2af8eb42d56 -> 
  custom:audio-encoder-webm-vorbis: bf7c407c2cedff20999df2af8eb42d56 -> 
========================================================================
Received Import Request.
  Time since last request: 844.642891 seconds.
  path: Assets/Resources/Prefabs/Fight Window.prefab
  artifactKey: Guid(ef290bdb62919be43b2c5cb327857e89) Importer(815301076,1909f56bfc062723c751e8b465ee728b)
Start importing Assets/Resources/Prefabs/Fight Window.prefab using Guid(ef290bdb62919be43b2c5cb327857e89) Importer(815301076,1909f56bfc062723c751e8b465ee728b)  -> (artifact id: 'f8af074cbd7c52b5d538305b3750bd01') in 0.124514 seconds 
  Import took 0.147044 seconds .

========================================================================
Received Prepare
Registering precompiled user dll's ...
Registered in 0.004997 seconds.
Begin MonoManager ReloadAssembly
Native extension for Lumin target not found
Native extension for WindowsStandalone target not found
Native extension for WebGL target not found
Refreshing native plugins compatible for Editor in 1.02 ms, found 3 plugins.
Preloading 0 native plugins for Editor in 0.00 ms.
Mono: successfully reloaded assembly
- Completed reload, in  1.575 seconds
Domain Reload Profiling:
	ReloadAssembly (1575ms)
		BeginReloadAssembly (143ms)
			ExecutionOrderSort (0ms)
			DisableScriptedObjects (9ms)
			BackupInstance (0ms)
			ReleaseScriptingObjects (0ms)
			CreateAndSetChildDomain (45ms)
		EndReloadAssembly (1362ms)
			LoadAssemblies (119ms)
			RebuildTransferFunctionScriptingTraits (0ms)
			SetupTypeCache (363ms)
			ReleaseScriptCaches (1ms)
			RebuildScriptCaches (70ms)
			SetupLoadedEditorAssemblies (659ms)
				LogAssemblyErrors (0ms)
				InitializePlatformSupportModulesInManaged (8ms)
				SetLoadedEditorAssemblies (2ms)
				RefreshPlugins (1ms)
				BeforeProcessingInitializeOnLoad (125ms)
				ProcessInitializeOnLoadAttributes (472ms)
				ProcessInitializeOnLoadMethodAttributes (49ms)
				AfterProcessingInitializeOnLoad (3ms)
				EditorAssembliesLoaded (0ms)
			ExecutionOrderSort2 (0ms)
			AwakeInstancesAfterBackupRestoration (15ms)
Platform modules already initialized, skipping
Switching build target platform(19) subTarget(0) extendedPlatform(0) -> platform(13) subTarget(537395200) extendedPlatform(0)
Refreshing native plugins compatible for Editor in 1.03 ms, found 3 plugins.
Preloading 0 native plugins for Editor in 0.00 ms.
Unloading 2651 Unused Serialized files (Serialized files now loaded: 0)
System memory in use before: 109.0 MB.
System memory in use after: 109.1 MB.

Unloading 58 unused Assets to reduce memory usage. Loaded Objects now: 3093.
Total: 7.629400 ms (FindLiveObjects: 0.257500 ms CreateObjectMapping: 0.112300 ms MarkObjects: 7.101200 ms  DeleteObjects: 0.156600 ms)

AssetImportParameters requested are different than current active one (requested -> active):
  custom:framework-win-MediaFoundation: 216162199b28c13a410421893ffa2e32 -> 
  custom:video-decoder-ogg-theora: a1e56fd34408186e4bbccfd4996cb3dc -> 
  custom:container-muxer-webm: aa71ff27fc2769a1b78a27578f13a17b -> 
  custom:container-demuxer-webm: 4f35f7cbe854078d1ac9338744f61a02 -> 
  custom:container-demuxer-ogg: 62fdf1f143b41e24485cea50d1cbac27 -> 
  custom:video-encoder-webm-vp8: eb34c28f22e8b96e1ab97ce403110664 -> 
  custom:video-decoder-webm-vp8: 9c59270c3fd7afecdb556c50c9e8de78 -> 
  custom:graphics/normal-map-encoding: 01000000000000000000000000000000 -> 02000000000000000000000000000000
  custom:audio-decoder-ogg-vorbis: bf7c407c2cedff20999df2af8eb42d56 -> 
  custom:audio-encoder-webm-vorbis: bf7c407c2cedff20999df2af8eb42d56 -> 
========================================================================
Received Import Request.
  Time since last request: 28.270185 seconds.
  path: Assets/Resources/Prefabs/Fight Window.prefab
  artifactKey: Guid(ef290bdb62919be43b2c5cb327857e89) Importer(815301076,1909f56bfc062723c751e8b465ee728b)
Start importing Assets/Resources/Prefabs/Fight Window.prefab using Guid(ef290bdb62919be43b2c5cb327857e89) Importer(815301076,1909f56bfc062723c751e8b465ee728b)  -> (artifact id: 'c0784ff0e2ef5543ba4afd70f133e2dd') in 0.119013 seconds 
  Import took 0.139584 seconds .

========================================================================
Received Import Request.
  Time since last request: 131.220751 seconds.
  path: Assets/Resources/Prefabs/Fight Window.prefab
  artifactKey: Guid(ef290bdb62919be43b2c5cb327857e89) Importer(815301076,1909f56bfc062723c751e8b465ee728b)
Start importing Assets/Resources/Prefabs/Fight Window.prefab using Guid(ef290bdb62919be43b2c5cb327857e89) Importer(815301076,1909f56bfc062723c751e8b465ee728b)  -> (artifact id: 'a6c62fe704ed44b6c5441321f2888dd3') in 0.034848 seconds 
  Import took 0.061154 seconds .

========================================================================
Received Import Request.
  Time since last request: 223.752771 seconds.
  path: Assets/Resources/Prefabs/Fight Window.prefab
  artifactKey: Guid(ef290bdb62919be43b2c5cb327857e89) Importer(815301076,1909f56bfc062723c751e8b465ee728b)
Start importing Assets/Resources/Prefabs/Fight Window.prefab using Guid(ef290bdb62919be43b2c5cb327857e89) Importer(815301076,1909f56bfc062723c751e8b465ee728b)  -> (artifact id: '317b42b6c75efba252173bf507b04fe0') in 0.035070 seconds 
  Import took 0.068906 seconds .

========================================================================
Received Import Request.
  Time since last request: 565.222910 seconds.
  path: Assets/simple UI & icons/box/box_coin1.png
  artifactKey: Guid(4ce557cc090bf604999f084d5c52f88c) Importer(815301076,1909f56bfc062723c751e8b465ee728b)
Start importing Assets/simple UI & icons/box/box_coin1.png using Guid(4ce557cc090bf604999f084d5c52f88c) Importer(815301076,1909f56bfc062723c751e8b465ee728b)  -> (artifact id: '3ad7717f603c2d369770e60c599869bb') in 0.613047 seconds 
  Import took 0.636640 seconds .

========================================================================
Received Import Request.
  Time since last request: 0.000337 seconds.
  path: Assets/simple UI & icons/box/box_login1.png
  artifactKey: Guid(cc3c83ba2287c1b4ab01866e3b98285c) Importer(815301076,1909f56bfc062723c751e8b465ee728b)
Start importing Assets/simple UI & icons/box/box_login1.png using Guid(cc3c83ba2287c1b4ab01866e3b98285c) Importer(815301076,1909f56bfc062723c751e8b465ee728b)  -> (artifact id: 'a7b029bbdb58658ab2f58d27935234a2') in 0.039355 seconds 
  Import took 0.046287 seconds .

========================================================================
Received Import Request.
  Time since last request: 0.000246 seconds.
  path: Assets/simple UI & icons/box/box_coin2.png
  artifactKey: Guid(70783f222b0c71440a082ff647835516) Importer(815301076,1909f56bfc062723c751e8b465ee728b)
Start importing Assets/simple UI & icons/box/box_coin2.png using Guid(70783f222b0c71440a082ff647835516) Importer(815301076,1909f56bfc062723c751e8b465ee728b)  -> (artifact id: '612744c17bcd2a848e1a828ce11d8cbf') in 0.029877 seconds 
  Import took 0.034635 seconds .

========================================================================
Received Import Request.
  Time since last request: 0.000314 seconds.
  path: Assets/simple UI & icons/box/box_exp3.png
  artifactKey: Guid(b57930d302719f64b80f87a38be0539e) Importer(815301076,1909f56bfc062723c751e8b465ee728b)
Start importing Assets/simple UI & icons/box/box_exp3.png using Guid(b57930d302719f64b80f87a38be0539e) Importer(815301076,1909f56bfc062723c751e8b465ee728b)  -> (artifact id: '7e9318e07087c05c52e92b932043ed86') in 0.090353 seconds 
  Import took 0.095410 seconds .

========================================================================
Received Import Request.
  Time since last request: 0.000264 seconds.
  path: Assets/simple UI & icons/box/box_login2.png
  artifactKey: Guid(5b321d4760f872f4aa9d4c5d856394c0) Importer(815301076,1909f56bfc062723c751e8b465ee728b)
Start importing Assets/simple UI & icons/box/box_login2.png using Guid(5b321d4760f872f4aa9d4c5d856394c0) Importer(815301076,1909f56bfc062723c751e8b465ee728b)  -> (artifact id: '9af8de7f551cbaec4d4032194a5e39ba') in 0.029607 seconds 
  Import took 0.051997 seconds .

========================================================================
Received Import Request.
  Time since last request: 0.000291 seconds.
  path: Assets/simple UI & icons/box/box_option4.png
  artifactKey: Guid(283378bbf45dff240a24c8c4549507de) Importer(815301076,1909f56bfc062723c751e8b465ee728b)
Start importing Assets/simple UI & icons/box/box_option4.png using Guid(283378bbf45dff240a24c8c4549507de) Importer(815301076,1909f56bfc062723c751e8b465ee728b)  -> (artifact id: '7b6944a290634c63649aeffbd04301af') in 0.029962 seconds 
  Import took 0.045825 seconds .

========================================================================
Received Import Request.
  Time since last request: 0.000301 seconds.
  path: Assets/simple UI & icons/box/box_select1.png
  artifactKey: Guid(333577eebe3cf2649a6c7f3d299dceba) Importer(815301076,1909f56bfc062723c751e8b465ee728b)
Start importing Assets/simple UI & icons/box/box_select1.png using Guid(333577eebe3cf2649a6c7f3d299dceba) Importer(815301076,1909f56bfc062723c751e8b465ee728b)  -> (artifact id: '59358212b9d3c38ce0da113e0ad87de2') in 0.021944 seconds 
  Import took 0.063476 seconds .

========================================================================
Received Import Request.
  Time since last request: 0.000294 seconds.
  path: Assets/simple UI & icons/button/button_login.png
  artifactKey: Guid(f1fe9cdb96f0d9248a97b206cc146ebf) Importer(815301076,1909f56bfc062723c751e8b465ee728b)
Start importing Assets/simple UI & icons/button/button_login.png using Guid(f1fe9cdb96f0d9248a97b206cc146ebf) Importer(815301076,1909f56bfc062723c751e8b465ee728b)  -> (artifact id: '0195f0184db4ef17792a4fdb27d439ff') in 0.020835 seconds 
  Import took 0.048286 seconds .

========================================================================
Received Import Request.
  Time since last request: 0.000457 seconds.
  path: Assets/simple UI & icons/box/box_event2.png
  artifactKey: Guid(1481334038ea30a4bbbeb1912d9230ff) Importer(815301076,1909f56bfc062723c751e8b465ee728b)
Start importing Assets/simple UI & icons/box/box_event2.png using Guid(1481334038ea30a4bbbeb1912d9230ff) Importer(815301076,1909f56bfc062723c751e8b465ee728b)  -> (artifact id: '11f5710332468160e15e537eae3080a7') in 0.025592 seconds 
  Import took 0.030411 seconds .

========================================================================
Received Import Request.
  Time since last request: 0.000301 seconds.
  path: Assets/simple UI & icons/box/box_option1.png
  artifactKey: Guid(722bf8ea9395ad0488f853393305780b) Importer(815301076,1909f56bfc062723c751e8b465ee728b)
Start importing Assets/simple UI & icons/box/box_option1.png using Guid(722bf8ea9395ad0488f853393305780b) Importer(815301076,1909f56bfc062723c751e8b465ee728b)  -> (artifact id: 'f6bf9b4467b1007565d5a958621fcfa6') in 0.024714 seconds 
  Import took 0.037613 seconds .

========================================================================
Received Import Request.
  Time since last request: 0.000384 seconds.
  path: Assets/simple UI & icons/box/box_map name.png
  artifactKey: Guid(9612150cbb33ebf4abaafcb0066d0c09) Importer(815301076,1909f56bfc062723c751e8b465ee728b)
Start importing Assets/simple UI & icons/box/box_map name.png using Guid(9612150cbb33ebf4abaafcb0066d0c09) Importer(815301076,1909f56bfc062723c751e8b465ee728b)  -> (artifact id: 'f5d9f2984e9be06be80ee08f515e3ee8') in 0.019881 seconds 
  Import took 0.027163 seconds .

========================================================================
Received Import Request.
  Time since last request: 0.000306 seconds.
  path: Assets/simple UI & icons/box/box_user information.png
  artifactKey: Guid(a9a22c90a69285f4fba9717e84852717) Importer(815301076,1909f56bfc062723c751e8b465ee728b)
Start importing Assets/simple UI & icons/box/box_user information.png using Guid(a9a22c90a69285f4fba9717e84852717) Importer(815301076,1909f56bfc062723c751e8b465ee728b)  -> (artifact id: '0aaf8f9f93ae3a37006c000fed9595d1') in 0.022887 seconds 
  Import took 0.027672 seconds .

========================================================================
Received Import Request.
  Time since last request: 0.000292 seconds.
  path: Assets/simple UI & icons/box/box_coin1.png
  artifactKey: Guid(4ce557cc090bf604999f084d5c52f88c) Importer(815301076,1909f56bfc062723c751e8b465ee728b)
Start importing Assets/simple UI & icons/box/box_coin1.png using Guid(4ce557cc090bf604999f084d5c52f88c) Importer(815301076,1909f56bfc062723c751e8b465ee728b)  -> (artifact id: '3ad7717f603c2d369770e60c599869bb') in 0.014237 seconds 
  Import took 0.019391 seconds .

========================================================================
Received Import Request.
  Time since last request: 0.000309 seconds.
  path: Assets/simple UI & icons/box/box_event3.png
  artifactKey: Guid(e832f8a4f31186448b2c250268b36742) Importer(815301076,1909f56bfc062723c751e8b465ee728b)
Start importing Assets/simple UI & icons/box/box_event3.png using Guid(e832f8a4f31186448b2c250268b36742) Importer(815301076,1909f56bfc062723c751e8b465ee728b)  -> (artifact id: 'f9cf818eb92092c35463080732bd74fd') in 0.037525 seconds 
  Import took 0.061725 seconds .

========================================================================
Received Import Request.
  Time since last request: 0.000242 seconds.
  path: Assets/simple UI & icons/box/box_exp1.png
  artifactKey: Guid(8e02c966211256547b69c0381a52d995) Importer(815301076,1909f56bfc062723c751e8b465ee728b)
Start importing Assets/simple UI & icons/box/box_exp1.png using Guid(8e02c966211256547b69c0381a52d995) Importer(815301076,1909f56bfc062723c751e8b465ee728b)  -> (artifact id: '5849109099d135b51c7d432c45837797') in 0.020212 seconds 
  Import took 0.033758 seconds .

========================================================================
Received Import Request.
  Time since last request: 0.000319 seconds.
  path: Assets/simple UI & icons/box/box_coin3.png
  artifactKey: Guid(7ca26ee7f8f599742972114fc284ac21) Importer(815301076,1909f56bfc062723c751e8b465ee728b)
Start importing Assets/simple UI & icons/box/box_coin3.png using Guid(7ca26ee7f8f599742972114fc284ac21) Importer(815301076,1909f56bfc062723c751e8b465ee728b)  -> (artifact id: 'b7fe344229b817c5e9c1ebfe50ab384c') in 0.025048 seconds 
  Import took 0.029832 seconds .

========================================================================
Received Import Request.
  Time since last request: 0.000255 seconds.
  path: Assets/simple UI & icons/box/box_ID_PW.png
  artifactKey: Guid(dbc49de063591e741821707087728b4e) Importer(815301076,1909f56bfc062723c751e8b465ee728b)
Start importing Assets/simple UI & icons/box/box_ID_PW.png using Guid(dbc49de063591e741821707087728b4e) Importer(815301076,1909f56bfc062723c751e8b465ee728b)  -> (artifact id: 'b045dd4b6c843c0fd9bbfed880756423') in 0.038704 seconds 
  Import took 0.217274 seconds .

========================================================================
Received Import Request.
  Time since last request: 0.000314 seconds.
  path: Assets/simple UI & icons/box/circle_3.png
  artifactKey: Guid(bfe8ff4e5c151374f8f0974f0cde948f) Importer(815301076,1909f56bfc062723c751e8b465ee728b)
Start importing Assets/simple UI & icons/box/circle_3.png using Guid(bfe8ff4e5c151374f8f0974f0cde948f) Importer(815301076,1909f56bfc062723c751e8b465ee728b)  -> (artifact id: '2a74baa672678f3d4eba57e667f6fda9') in 0.053083 seconds 
  Import took 0.057801 seconds .

========================================================================
Received Import Request.
  Time since last request: 0.000308 seconds.
  path: Assets/simple UI & icons/box/circle_2.png
  artifactKey: Guid(90523fd09249fed4291cb5227e137ea0) Importer(815301076,1909f56bfc062723c751e8b465ee728b)
Start importing Assets/simple UI & icons/box/circle_2.png using Guid(90523fd09249fed4291cb5227e137ea0) Importer(815301076,1909f56bfc062723c751e8b465ee728b)  -> (artifact id: '2863ed13809ffd8d4ab16e4650d579e1') in 0.026041 seconds 
  Import took 0.074549 seconds .

========================================================================
Received Import Request.
  Time since last request: 0.000289 seconds.
  path: Assets/simple UI & icons/box/circle_1.png
  artifactKey: Guid(ec553aa9b5d98d84081542d078774b16) Importer(815301076,1909f56bfc062723c751e8b465ee728b)
Start importing Assets/simple UI & icons/box/circle_1.png using Guid(ec553aa9b5d98d84081542d078774b16) Importer(815301076,1909f56bfc062723c751e8b465ee728b)  -> (artifact id: '4a2c1094af1124b13dca895f433ddaea') in 0.036229 seconds 
  Import took 0.040945 seconds .

========================================================================
Received Import Request.
  Time since last request: 0.000290 seconds.
  path: Assets/simple UI & icons/button/button_round.png
  artifactKey: Guid(e1172d0161030574dae11c5e2cb8921a) Importer(815301076,1909f56bfc062723c751e8b465ee728b)
Start importing Assets/simple UI & icons/button/button_round.png using Guid(e1172d0161030574dae11c5e2cb8921a) Importer(815301076,1909f56bfc062723c751e8b465ee728b)  -> (artifact id: '01b6a4eac71eda0e042c8d7805e8660c') in 0.028409 seconds 
  Import took 0.043144 seconds .

========================================================================
Received Import Request.
  Time since last request: 0.000263 seconds.
  path: Assets/simple UI & icons/box/box_exp2.png
  artifactKey: Guid(b44c79964f3be0747ae2b2a8a4fc8798) Importer(815301076,1909f56bfc062723c751e8b465ee728b)
Start importing Assets/simple UI & icons/box/box_exp2.png using Guid(b44c79964f3be0747ae2b2a8a4fc8798) Importer(815301076,1909f56bfc062723c751e8b465ee728b)  -> (artifact id: 'd0626af84cf42004fe0de7d289257648') in 0.020750 seconds 
  Import took 0.038644 seconds .

========================================================================
Received Import Request.
  Time since last request: 0.000249 seconds.
  path: Assets/simple UI & icons/button/button_triangle_left.png
  artifactKey: Guid(560e0d8591efac84f9340ef1145d7123) Importer(815301076,1909f56bfc062723c751e8b465ee728b)
Start importing Assets/simple UI & icons/button/button_triangle_left.png using Guid(560e0d8591efac84f9340ef1145d7123) Importer(815301076,1909f56bfc062723c751e8b465ee728b)  -> (artifact id: '3e98879827ff77d4045232974d2d4930') in 0.023301 seconds 
  Import took 0.028151 seconds .

========================================================================
Received Import Request.
  Time since last request: 0.000058 seconds.
  path: Assets/simple UI & icons/box/box_select3.png
  artifactKey: Guid(7c39fe94d7cc03442ad53eac0cea5f71) Importer(815301076,1909f56bfc062723c751e8b465ee728b)
Start importing Assets/simple UI & icons/box/box_select3.png using Guid(7c39fe94d7cc03442ad53eac0cea5f71) Importer(815301076,1909f56bfc062723c751e8b465ee728b)  -> (artifact id: '73bd72fd61b4e4f06c038fd6808c1f65') in 0.034994 seconds 
  Import took 0.066395 seconds .

========================================================================
Received Import Request.
  Time since last request: 0.001121 seconds.
  path: Assets/simple UI & icons/box/box_option2.png
  artifactKey: Guid(b9d57a4161b87ac43844cd039a58475f) Importer(815301076,1909f56bfc062723c751e8b465ee728b)
Start importing Assets/simple UI & icons/box/box_option2.png using Guid(b9d57a4161b87ac43844cd039a58475f) Importer(815301076,1909f56bfc062723c751e8b465ee728b)  -> (artifact id: '2513d55715dbdca165eeabbebe653ac4') in 0.030907 seconds 
  Import took 0.045771 seconds .

========================================================================
Received Import Request.
  Time since last request: 0.000265 seconds.
  path: Assets/simple UI & icons/box/box_event1.png
  artifactKey: Guid(dce07060ba1c3964a84b3ec42f0c2477) Importer(815301076,1909f56bfc062723c751e8b465ee728b)
Start importing Assets/simple UI & icons/box/box_event1.png using Guid(dce07060ba1c3964a84b3ec42f0c2477) Importer(815301076,1909f56bfc062723c751e8b465ee728b)  -> (artifact id: 'da863b8c7a33e9801adbb7545bb5fdd1') in 0.022897 seconds 
  Import took 0.041335 seconds .

========================================================================
Received Import Request.
  Time since last request: 0.000298 seconds.
  path: Assets/simple UI & icons/box/box_login3.png
  artifactKey: Guid(289510762bc007f44acc805d19c07088) Importer(815301076,1909f56bfc062723c751e8b465ee728b)
Start importing Assets/simple UI & icons/box/box_login3.png using Guid(289510762bc007f44acc805d19c07088) Importer(815301076,1909f56bfc062723c751e8b465ee728b)  -> (artifact id: '4e8ee7757d6b2817e4a74164ecf1e660') in 0.043796 seconds 
  Import took 0.049010 seconds .

========================================================================
Received Import Request.
  Time since last request: 0.000246 seconds.
  path: Assets/simple UI & icons/box/box_select2.png
  artifactKey: Guid(cfba19cc91fa2034e9f341a44621ac47) Importer(815301076,1909f56bfc062723c751e8b465ee728b)
Start importing Assets/simple UI & icons/box/box_select2.png using Guid(cfba19cc91fa2034e9f341a44621ac47) Importer(815301076,1909f56bfc062723c751e8b465ee728b)  -> (artifact id: '80ba53f13d634e7c973c9c5faf344b1c') in 0.018388 seconds 
  Import took 0.095847 seconds .

========================================================================
Received Import Request.
  Time since last request: 0.000630 seconds.
  path: Assets/simple UI & icons/box/box_option3.png
  artifactKey: Guid(2b0d4e7bf344774459d025e4c723ba78) Importer(815301076,1909f56bfc062723c751e8b465ee728b)
Start importing Assets/simple UI & icons/box/box_option3.png using Guid(2b0d4e7bf344774459d025e4c723ba78) Importer(815301076,1909f56bfc062723c751e8b465ee728b)  -> (artifact id: '6ee5561c4dc1a28bf2a51418178cdf0a') in 0.027821 seconds 
  Import took 0.035910 seconds .

========================================================================
Received Import Request.
  Time since last request: 0.455574 seconds.
  path: Assets/simple UI & icons/icons/icon_01.png
  artifactKey: Guid(8f9f91a1bccbc7242b4c42bb7ae4e3d2) Importer(815301076,1909f56bfc062723c751e8b465ee728b)
Start importing Assets/simple UI & icons/icons/icon_01.png using Guid(8f9f91a1bccbc7242b4c42bb7ae4e3d2) Importer(815301076,1909f56bfc062723c751e8b465ee728b)  -> (artifact id: '3d73dbad11528f7cc3c273b4e0c896dc') in 0.025569 seconds 
  Import took 0.031797 seconds .

========================================================================
Received Import Request.
  Time since last request: 0.000284 seconds.
  path: Assets/simple UI & icons/icons/icon_07.png
  artifactKey: Guid(4c6ff0803aeb5d1418f145597c16d05e) Importer(815301076,1909f56bfc062723c751e8b465ee728b)
Start importing Assets/simple UI & icons/icons/icon_07.png using Guid(4c6ff0803aeb5d1418f145597c16d05e) Importer(815301076,1909f56bfc062723c751e8b465ee728b)  -> (artifact id: '68572c7bb6007f317270a35273f34730') in 0.021639 seconds 
  Import took 0.036415 seconds .

========================================================================
Received Import Request.
  Time since last request: 0.000269 seconds.
  path: Assets/simple UI & icons/icons/icon_05.png
  artifactKey: Guid(e36d0c8caa3e8a64187ebb71b1c589b6) Importer(815301076,1909f56bfc062723c751e8b465ee728b)
Start importing Assets/simple UI & icons/icons/icon_05.png using Guid(e36d0c8caa3e8a64187ebb71b1c589b6) Importer(815301076,1909f56bfc062723c751e8b465ee728b)  -> (artifact id: '0c298583dfc0e5aced358b38638b44a9') in 0.025227 seconds 
  Import took 0.044929 seconds .

========================================================================
Received Import Request.
  Time since last request: 0.000277 seconds.
  path: Assets/simple UI & icons/icons/icon_03.png
  artifactKey: Guid(a1159ed9b89dbe04ba0056251e64e58a) Importer(815301076,1909f56bfc062723c751e8b465ee728b)
Start importing Assets/simple UI & icons/icons/icon_03.png using Guid(a1159ed9b89dbe04ba0056251e64e58a) Importer(815301076,1909f56bfc062723c751e8b465ee728b)  -> (artifact id: '535c345e62f31350dab76bf680f517b4') in 0.021983 seconds 
  Import took 0.039110 seconds .

========================================================================
Received Import Request.
  Time since last request: 0.000288 seconds.
  path: Assets/simple UI & icons/icons/icon_04.png
  artifactKey: Guid(8a394ad1372b8294f99ad9d2c33f59ad) Importer(815301076,1909f56bfc062723c751e8b465ee728b)
Start importing Assets/simple UI & icons/icons/icon_04.png using Guid(8a394ad1372b8294f99ad9d2c33f59ad) Importer(815301076,1909f56bfc062723c751e8b465ee728b)  -> (artifact id: 'b978e02bd3003760ee5b5be497cb7b7b') in 0.021462 seconds 
  Import took 0.057468 seconds .

========================================================================
Received Import Request.
  Time since last request: 0.000254 seconds.
  path: Assets/simple UI & icons/icons/icon_08.png
  artifactKey: Guid(b9907cd3f24a4544a9c6be4152badfde) Importer(815301076,1909f56bfc062723c751e8b465ee728b)
Start importing Assets/simple UI & icons/icons/icon_08.png using Guid(b9907cd3f24a4544a9c6be4152badfde) Importer(815301076,1909f56bfc062723c751e8b465ee728b)  -> (artifact id: 'ff0e36e5a368c6e5805d362101124a12') in 0.022849 seconds 
  Import took 0.041982 seconds .

========================================================================
Received Import Request.
  Time since last request: 0.000254 seconds.
  path: Assets/simple UI & icons/icons/icon_09.png
  artifactKey: Guid(fdd93a52409cf69489c9a92d23b18759) Importer(815301076,1909f56bfc062723c751e8b465ee728b)
Start importing Assets/simple UI & icons/icons/icon_09.png using Guid(fdd93a52409cf69489c9a92d23b18759) Importer(815301076,1909f56bfc062723c751e8b465ee728b)  -> (artifact id: '32fdea7dab2bc47c1d7cf66f12958c81') in 0.021327 seconds 
  Import took 0.052774 seconds .

========================================================================
Received Import Request.
  Time since last request: 0.000245 seconds.
  path: Assets/simple UI & icons/icons/icon_01.png
  artifactKey: Guid(8f9f91a1bccbc7242b4c42bb7ae4e3d2) Importer(815301076,1909f56bfc062723c751e8b465ee728b)
Start importing Assets/simple UI & icons/icons/icon_01.png using Guid(8f9f91a1bccbc7242b4c42bb7ae4e3d2) Importer(815301076,1909f56bfc062723c751e8b465ee728b)  -> (artifact id: '3d73dbad11528f7cc3c273b4e0c896dc') in 0.020738 seconds 
  Import took 0.026528 seconds .

========================================================================
Received Import Request.
  Time since last request: 0.000111 seconds.
  path: Assets/simple UI & icons/icons/icon_02.png
  artifactKey: Guid(484708ad00772824c8ff678c35cd3ded) Importer(815301076,1909f56bfc062723c751e8b465ee728b)
Start importing Assets/simple UI & icons/icons/icon_02.png using Guid(484708ad00772824c8ff678c35cd3ded) Importer(815301076,1909f56bfc062723c751e8b465ee728b)  -> (artifact id: 'a047a888dfa1d64e5485a367a306d37d') in 0.024932 seconds 
  Import took 0.031090 seconds .

========================================================================
Received Import Request.
  Time since last request: 0.000248 seconds.
  path: Assets/simple UI & icons/icons/icon_06.png
  artifactKey: Guid(aea0e8f6213c7c44cb8c3e6204459bcc) Importer(815301076,1909f56bfc062723c751e8b465ee728b)
Start importing Assets/simple UI & icons/icons/icon_06.png using Guid(aea0e8f6213c7c44cb8c3e6204459bcc) Importer(815301076,1909f56bfc062723c751e8b465ee728b)  -> (artifact id: '465ddbe57eaf0fbe2a5bdbbf27a81725') in 0.021263 seconds 
  Import took 0.043849 seconds .

========================================================================
Received Import Request.
  Time since last request: 0.226059 seconds.
  path: Assets/simple UI & icons/icons/icon_10.png
  artifactKey: Guid(24d91ca91631e4c4da0691901c74ffb1) Importer(815301076,1909f56bfc062723c751e8b465ee728b)
Start importing Assets/simple UI & icons/icons/icon_10.png using Guid(24d91ca91631e4c4da0691901c74ffb1) Importer(815301076,1909f56bfc062723c751e8b465ee728b)  -> (artifact id: 'a3ba897cae1f419dbc669fc6d558f22a') in 0.021126 seconds 
  Import took 0.065370 seconds .

========================================================================
Received Import Request.
  Time since last request: 0.005222 seconds.
  path: Assets/simple UI & icons/icons/icon_10.png
  artifactKey: Guid(24d91ca91631e4c4da0691901c74ffb1) Importer(815301076,1909f56bfc062723c751e8b465ee728b)
Start importing Assets/simple UI & icons/icons/icon_10.png using Guid(24d91ca91631e4c4da0691901c74ffb1) Importer(815301076,1909f56bfc062723c751e8b465ee728b)  -> (artifact id: 'a3ba897cae1f419dbc669fc6d558f22a') in 0.016952 seconds 
  Import took 0.021997 seconds .

========================================================================
Received Import Request.
  Time since last request: 2708.638782 seconds.
  path: Assets/Resources/Prefabs/MiniGame.prefab
  artifactKey: Guid(9e619a89c1b31bd47afbd4d796fd9133) Importer(815301076,1909f56bfc062723c751e8b465ee728b)
Start importing Assets/Resources/Prefabs/MiniGame.prefab using Guid(9e619a89c1b31bd47afbd4d796fd9133) Importer(815301076,1909f56bfc062723c751e8b465ee728b)  -> (artifact id: '455df383bd7488be03581344c5769c79') in 0.051570 seconds 
  Import took 0.058113 seconds .

========================================================================
Received Import Request.
  Time since last request: 0.005875 seconds.
  path: Assets/Resources/Prefabs/MiniGame.prefab
  artifactKey: Guid(9e619a89c1b31bd47afbd4d796fd9133) Importer(815301076,1909f56bfc062723c751e8b465ee728b)
Start importing Assets/Resources/Prefabs/MiniGame.prefab using Guid(9e619a89c1b31bd47afbd4d796fd9133) Importer(815301076,1909f56bfc062723c751e8b465ee728b)  -> (artifact id: '455df383bd7488be03581344c5769c79') in 0.032393 seconds 
  Import took 0.037584 seconds .

========================================================================
Received Import Request.
  Time since last request: 38.859003 seconds.
  path: Assets/Resources/Prefabs/MiniGame.prefab
  artifactKey: Guid(9e619a89c1b31bd47afbd4d796fd9133) Importer(815301076,1909f56bfc062723c751e8b465ee728b)
Start importing Assets/Resources/Prefabs/MiniGame.prefab using Guid(9e619a89c1b31bd47afbd4d796fd9133) Importer(815301076,1909f56bfc062723c751e8b465ee728b)  -> (artifact id: 'add904e1c466facef3822560d15d92f7') in 0.034583 seconds 
  Import took 0.055746 seconds .

========================================================================
Received Import Request.
  Time since last request: 7.885368 seconds.
  path: Assets/Resources/Prefabs/MiniGame.prefab
  artifactKey: Guid(9e619a89c1b31bd47afbd4d796fd9133) Importer(815301076,1909f56bfc062723c751e8b465ee728b)
Start importing Assets/Resources/Prefabs/MiniGame.prefab using Guid(9e619a89c1b31bd47afbd4d796fd9133) Importer(815301076,1909f56bfc062723c751e8b465ee728b)  -> (artifact id: 'aed2e305f18845cb7def153a86b4e0b0') in 0.038832 seconds 
  Import took 0.044454 seconds .

========================================================================
Received Prepare
Registering precompiled user dll's ...
Registered in 0.004843 seconds.
Begin MonoManager ReloadAssembly
Native extension for Lumin target not found
Native extension for WindowsStandalone target not found
Native extension for WebGL target not found
Refreshing native plugins compatible for Editor in 1.01 ms, found 3 plugins.
Preloading 0 native plugins for Editor in 0.00 ms.
Mono: successfully reloaded assembly
- Completed reload, in  1.649 seconds
Domain Reload Profiling:
	ReloadAssembly (1651ms)
		BeginReloadAssembly (230ms)
			ExecutionOrderSort (0ms)
			DisableScriptedObjects (54ms)
			BackupInstance (0ms)
			ReleaseScriptingObjects (1ms)
			CreateAndSetChildDomain (59ms)
		EndReloadAssembly (1336ms)
			LoadAssemblies (137ms)
			RebuildTransferFunctionScriptingTraits (0ms)
			SetupTypeCache (371ms)
			ReleaseScriptCaches (1ms)
			RebuildScriptCaches (74ms)
			SetupLoadedEditorAssemblies (605ms)
				LogAssemblyErrors (0ms)
				InitializePlatformSupportModulesInManaged (9ms)
				SetLoadedEditorAssemblies (1ms)
				RefreshPlugins (1ms)
				BeforeProcessingInitializeOnLoad (127ms)
				ProcessInitializeOnLoadAttributes (421ms)
				ProcessInitializeOnLoadMethodAttributes (43ms)
				AfterProcessingInitializeOnLoad (3ms)
				EditorAssembliesLoaded (0ms)
			ExecutionOrderSort2 (0ms)
			AwakeInstancesAfterBackupRestoration (14ms)
Platform modules already initialized, skipping
Switching build target platform(19) subTarget(0) extendedPlatform(0) -> platform(13) subTarget(537395200) extendedPlatform(0)
Refreshing native plugins compatible for Editor in 0.98 ms, found 3 plugins.
Preloading 0 native plugins for Editor in 0.00 ms.
Unloading 2651 Unused Serialized files (Serialized files now loaded: 0)
System memory in use before: 112.1 MB.
System memory in use after: 112.2 MB.

Unloading 59 unused Assets to reduce memory usage. Loaded Objects now: 3143.
Total: 7.201400 ms (FindLiveObjects: 0.250900 ms CreateObjectMapping: 0.110000 ms MarkObjects: 6.677000 ms  DeleteObjects: 0.161800 ms)

AssetImportParameters requested are different than current active one (requested -> active):
  custom:framework-win-MediaFoundation: 216162199b28c13a410421893ffa2e32 -> 
  custom:video-decoder-ogg-theora: a1e56fd34408186e4bbccfd4996cb3dc -> 
  custom:container-muxer-webm: aa71ff27fc2769a1b78a27578f13a17b -> 
  custom:container-demuxer-webm: 4f35f7cbe854078d1ac9338744f61a02 -> 
  custom:container-demuxer-ogg: 62fdf1f143b41e24485cea50d1cbac27 -> 
  custom:video-encoder-webm-vp8: eb34c28f22e8b96e1ab97ce403110664 -> 
  custom:video-decoder-webm-vp8: 9c59270c3fd7afecdb556c50c9e8de78 -> 
  custom:graphics/normal-map-encoding: 01000000000000000000000000000000 -> 02000000000000000000000000000000
  custom:audio-decoder-ogg-vorbis: bf7c407c2cedff20999df2af8eb42d56 -> 
  custom:audio-encoder-webm-vorbis: bf7c407c2cedff20999df2af8eb42d56 -> 
========================================================================
Received Prepare
Registering precompiled user dll's ...
Registered in 0.005171 seconds.
Begin MonoManager ReloadAssembly
Native extension for Lumin target not found
Native extension for WindowsStandalone target not found
Native extension for WebGL target not found
Refreshing native plugins compatible for Editor in 1.02 ms, found 3 plugins.
Preloading 0 native plugins for Editor in 0.00 ms.
Mono: successfully reloaded assembly
- Completed reload, in  1.603 seconds
Domain Reload Profiling:
	ReloadAssembly (1604ms)
		BeginReloadAssembly (192ms)
			ExecutionOrderSort (0ms)
			DisableScriptedObjects (10ms)
			BackupInstance (0ms)
			ReleaseScriptingObjects (0ms)
			CreateAndSetChildDomain (70ms)
		EndReloadAssembly (1339ms)
			LoadAssemblies (120ms)
			RebuildTransferFunctionScriptingTraits (0ms)
			SetupTypeCache (365ms)
			ReleaseScriptCaches (1ms)
			RebuildScriptCaches (75ms)
			SetupLoadedEditorAssemblies (614ms)
				LogAssemblyErrors (0ms)
				InitializePlatformSupportModulesInManaged (9ms)
				SetLoadedEditorAssemblies (1ms)
				RefreshPlugins (1ms)
				BeforeProcessingInitializeOnLoad (125ms)
				ProcessInitializeOnLoadAttributes (431ms)
				ProcessInitializeOnLoadMethodAttributes (44ms)
				AfterProcessingInitializeOnLoad (3ms)
				EditorAssembliesLoaded (0ms)
			ExecutionOrderSort2 (0ms)
			AwakeInstancesAfterBackupRestoration (14ms)
Platform modules already initialized, skipping
Switching build target platform(19) subTarget(0) extendedPlatform(0) -> platform(13) subTarget(537395200) extendedPlatform(0)
Refreshing native plugins compatible for Editor in 1.00 ms, found 3 plugins.
Preloading 0 native plugins for Editor in 0.00 ms.
Unloading 2651 Unused Serialized files (Serialized files now loaded: 0)
System memory in use before: 112.1 MB.
System memory in use after: 112.2 MB.

Unloading 57 unused Assets to reduce memory usage. Loaded Objects now: 3147.
Total: 7.526900 ms (FindLiveObjects: 0.253400 ms CreateObjectMapping: 0.109900 ms MarkObjects: 7.005400 ms  DeleteObjects: 0.156700 ms)

AssetImportParameters requested are different than current active one (requested -> active):
  custom:framework-win-MediaFoundation: 216162199b28c13a410421893ffa2e32 -> 
  custom:video-decoder-ogg-theora: a1e56fd34408186e4bbccfd4996cb3dc -> 
  custom:container-muxer-webm: aa71ff27fc2769a1b78a27578f13a17b -> 
  custom:container-demuxer-webm: 4f35f7cbe854078d1ac9338744f61a02 -> 
  custom:container-demuxer-ogg: 62fdf1f143b41e24485cea50d1cbac27 -> 
  custom:video-encoder-webm-vp8: eb34c28f22e8b96e1ab97ce403110664 -> 
  custom:video-decoder-webm-vp8: 9c59270c3fd7afecdb556c50c9e8de78 -> 
  custom:graphics/normal-map-encoding: 01000000000000000000000000000000 -> 02000000000000000000000000000000
  custom:audio-decoder-ogg-vorbis: bf7c407c2cedff20999df2af8eb42d56 -> 
  custom:audio-encoder-webm-vorbis: bf7c407c2cedff20999df2af8eb42d56 -> 
========================================================================
Received Prepare
Registering precompiled user dll's ...
Registered in 0.004581 seconds.
Begin MonoManager ReloadAssembly
Native extension for Lumin target not found
Native extension for WindowsStandalone target not found
Native extension for WebGL target not found
Refreshing native plugins compatible for Editor in 0.98 ms, found 3 plugins.
Preloading 0 native plugins for Editor in 0.00 ms.
Mono: successfully reloaded assembly
- Completed reload, in  1.547 seconds
Domain Reload Profiling:
	ReloadAssembly (1547ms)
		BeginReloadAssembly (140ms)
			ExecutionOrderSort (0ms)
			DisableScriptedObjects (9ms)
			BackupInstance (0ms)
			ReleaseScriptingObjects (0ms)
			CreateAndSetChildDomain (43ms)
		EndReloadAssembly (1337ms)
			LoadAssemblies (121ms)
			RebuildTransferFunctionScriptingTraits (0ms)
			SetupTypeCache (369ms)
			ReleaseScriptCaches (1ms)
			RebuildScriptCaches (72ms)
			SetupLoadedEditorAssemblies (614ms)
				LogAssemblyErrors (0ms)
				InitializePlatformSupportModulesInManaged (8ms)
				SetLoadedEditorAssemblies (1ms)
				RefreshPlugins (1ms)
				BeforeProcessingInitializeOnLoad (126ms)
				ProcessInitializeOnLoadAttributes (431ms)
				ProcessInitializeOnLoadMethodAttributes (44ms)
				AfterProcessingInitializeOnLoad (3ms)
				EditorAssembliesLoaded (0ms)
			ExecutionOrderSort2 (0ms)
			AwakeInstancesAfterBackupRestoration (14ms)
Platform modules already initialized, skipping
Switching build target platform(19) subTarget(0) extendedPlatform(0) -> platform(13) subTarget(537395200) extendedPlatform(0)
Refreshing native plugins compatible for Editor in 1.00 ms, found 3 plugins.
Preloading 0 native plugins for Editor in 0.00 ms.
Unloading 2651 Unused Serialized files (Serialized files now loaded: 0)
System memory in use before: 112.2 MB.
System memory in use after: 112.2 MB.

Unloading 57 unused Assets to reduce memory usage. Loaded Objects now: 3151.
Total: 6.903900 ms (FindLiveObjects: 0.260100 ms CreateObjectMapping: 0.113800 ms MarkObjects: 6.367300 ms  DeleteObjects: 0.160900 ms)

AssetImportParameters requested are different than current active one (requested -> active):
  custom:framework-win-MediaFoundation: 216162199b28c13a410421893ffa2e32 -> 
  custom:video-decoder-ogg-theora: a1e56fd34408186e4bbccfd4996cb3dc -> 
  custom:container-muxer-webm: aa71ff27fc2769a1b78a27578f13a17b -> 
  custom:container-demuxer-webm: 4f35f7cbe854078d1ac9338744f61a02 -> 
  custom:container-demuxer-ogg: 62fdf1f143b41e24485cea50d1cbac27 -> 
  custom:video-encoder-webm-vp8: eb34c28f22e8b96e1ab97ce403110664 -> 
  custom:video-decoder-webm-vp8: 9c59270c3fd7afecdb556c50c9e8de78 -> 
  custom:graphics/normal-map-encoding: 01000000000000000000000000000000 -> 02000000000000000000000000000000
  custom:audio-decoder-ogg-vorbis: bf7c407c2cedff20999df2af8eb42d56 -> 
  custom:audio-encoder-webm-vorbis: bf7c407c2cedff20999df2af8eb42d56 -> 
========================================================================
Received Prepare
Registering precompiled user dll's ...
Registered in 0.004679 seconds.
Begin MonoManager ReloadAssembly
Native extension for Lumin target not found
Native extension for WindowsStandalone target not found
Native extension for WebGL target not found
Refreshing native plugins compatible for Editor in 1.01 ms, found 3 plugins.
Preloading 0 native plugins for Editor in 0.00 ms.
Mono: successfully reloaded assembly
- Completed reload, in  1.548 seconds
Domain Reload Profiling:
	ReloadAssembly (1549ms)
		BeginReloadAssembly (141ms)
			ExecutionOrderSort (0ms)
			DisableScriptedObjects (9ms)
			BackupInstance (0ms)
			ReleaseScriptingObjects (0ms)
			CreateAndSetChildDomain (45ms)
		EndReloadAssembly (1335ms)
			LoadAssemblies (127ms)
			RebuildTransferFunctionScriptingTraits (0ms)
			SetupTypeCache (373ms)
			ReleaseScriptCaches (1ms)
			RebuildScriptCaches (73ms)
			SetupLoadedEditorAssemblies (597ms)
				LogAssemblyErrors (0ms)
				InitializePlatformSupportModulesInManaged (8ms)
				SetLoadedEditorAssemblies (1ms)
				RefreshPlugins (1ms)
				BeforeProcessingInitializeOnLoad (124ms)
				ProcessInitializeOnLoadAttributes (416ms)
				ProcessInitializeOnLoadMethodAttributes (45ms)
				AfterProcessingInitializeOnLoad (3ms)
				EditorAssembliesLoaded (0ms)
			ExecutionOrderSort2 (0ms)
			AwakeInstancesAfterBackupRestoration (15ms)
Platform modules already initialized, skipping
Switching build target platform(19) subTarget(0) extendedPlatform(0) -> platform(13) subTarget(537395200) extendedPlatform(0)
Refreshing native plugins compatible for Editor in 1.00 ms, found 3 plugins.
Preloading 0 native plugins for Editor in 0.00 ms.
Unloading 2651 Unused Serialized files (Serialized files now loaded: 0)
System memory in use before: 112.2 MB.
System memory in use after: 112.3 MB.

Unloading 57 unused Assets to reduce memory usage. Loaded Objects now: 3155.
Total: 7.939400 ms (FindLiveObjects: 0.269600 ms CreateObjectMapping: 0.140400 ms MarkObjects: 7.364000 ms  DeleteObjects: 0.163500 ms)

AssetImportParameters requested are different than current active one (requested -> active):
  custom:framework-win-MediaFoundation: 216162199b28c13a410421893ffa2e32 -> 
  custom:video-decoder-ogg-theora: a1e56fd34408186e4bbccfd4996cb3dc -> 
  custom:container-muxer-webm: aa71ff27fc2769a1b78a27578f13a17b -> 
  custom:container-demuxer-webm: 4f35f7cbe854078d1ac9338744f61a02 -> 
  custom:container-demuxer-ogg: 62fdf1f143b41e24485cea50d1cbac27 -> 
  custom:video-encoder-webm-vp8: eb34c28f22e8b96e1ab97ce403110664 -> 
  custom:video-decoder-webm-vp8: 9c59270c3fd7afecdb556c50c9e8de78 -> 
  custom:graphics/normal-map-encoding: 01000000000000000000000000000000 -> 02000000000000000000000000000000
  custom:audio-decoder-ogg-vorbis: bf7c407c2cedff20999df2af8eb42d56 -> 
  custom:audio-encoder-webm-vorbis: bf7c407c2cedff20999df2af8eb42d56 -> 
========================================================================
Received Prepare
Registering precompiled user dll's ...
Registered in 0.005184 seconds.
Begin MonoManager ReloadAssembly
Native extension for Lumin target not found
Native extension for WindowsStandalone target not found
Native extension for WebGL target not found
Refreshing native plugins compatible for Editor in 0.98 ms, found 3 plugins.
Preloading 0 native plugins for Editor in 0.00 ms.
Mono: successfully reloaded assembly
- Completed reload, in  1.533 seconds
Domain Reload Profiling:
	ReloadAssembly (1534ms)
		BeginReloadAssembly (144ms)
			ExecutionOrderSort (0ms)
			DisableScriptedObjects (10ms)
			BackupInstance (0ms)
			ReleaseScriptingObjects (0ms)
			CreateAndSetChildDomain (44ms)
		EndReloadAssembly (1312ms)
			LoadAssemblies (117ms)
			RebuildTransferFunctionScriptingTraits (0ms)
			SetupTypeCache (364ms)
			ReleaseScriptCaches (1ms)
			RebuildScriptCaches (73ms)
			SetupLoadedEditorAssemblies (587ms)
				LogAssemblyErrors (0ms)
				InitializePlatformSupportModulesInManaged (7ms)
				SetLoadedEditorAssemblies (1ms)
				RefreshPlugins (1ms)
				BeforeProcessingInitializeOnLoad (124ms)
				ProcessInitializeOnLoadAttributes (408ms)
				ProcessInitializeOnLoadMethodAttributes (43ms)
				AfterProcessingInitializeOnLoad (3ms)
				EditorAssembliesLoaded (0ms)
			ExecutionOrderSort2 (0ms)
			AwakeInstancesAfterBackupRestoration (14ms)
Platform modules already initialized, skipping
Switching build target platform(19) subTarget(0) extendedPlatform(0) -> platform(13) subTarget(537395200) extendedPlatform(0)
Refreshing native plugins compatible for Editor in 1.01 ms, found 3 plugins.
Preloading 0 native plugins for Editor in 0.00 ms.
Unloading 2651 Unused Serialized files (Serialized files now loaded: 0)
System memory in use before: 112.1 MB.
System memory in use after: 112.2 MB.

Unloading 57 unused Assets to reduce memory usage. Loaded Objects now: 3159.
Total: 7.544500 ms (FindLiveObjects: 0.255700 ms CreateObjectMapping: 0.111800 ms MarkObjects: 7.015800 ms  DeleteObjects: 0.159700 ms)

AssetImportParameters requested are different than current active one (requested -> active):
  custom:framework-win-MediaFoundation: 216162199b28c13a410421893ffa2e32 -> 
  custom:video-decoder-ogg-theora: a1e56fd34408186e4bbccfd4996cb3dc -> 
  custom:container-muxer-webm: aa71ff27fc2769a1b78a27578f13a17b -> 
  custom:container-demuxer-webm: 4f35f7cbe854078d1ac9338744f61a02 -> 
  custom:container-demuxer-ogg: 62fdf1f143b41e24485cea50d1cbac27 -> 
  custom:video-encoder-webm-vp8: eb34c28f22e8b96e1ab97ce403110664 -> 
  custom:video-decoder-webm-vp8: 9c59270c3fd7afecdb556c50c9e8de78 -> 
  custom:graphics/normal-map-encoding: 01000000000000000000000000000000 -> 02000000000000000000000000000000
  custom:audio-decoder-ogg-vorbis: bf7c407c2cedff20999df2af8eb42d56 -> 
  custom:audio-encoder-webm-vorbis: bf7c407c2cedff20999df2af8eb42d56 -> 
========================================================================
Received Prepare
Registering precompiled user dll's ...
Registered in 0.004599 seconds.
Begin MonoManager ReloadAssembly
Native extension for Lumin target not found
Native extension for WindowsStandalone target not found
Native extension for WebGL target not found
Refreshing native plugins compatible for Editor in 1.11 ms, found 3 plugins.
Preloading 0 native plugins for Editor in 0.00 ms.
Mono: successfully reloaded assembly
- Completed reload, in  1.568 seconds
Domain Reload Profiling:
	ReloadAssembly (1568ms)
		BeginReloadAssembly (154ms)
			ExecutionOrderSort (0ms)
			DisableScriptedObjects (15ms)
			BackupInstance (0ms)
			ReleaseScriptingObjects (0ms)
			CreateAndSetChildDomain (51ms)
		EndReloadAssembly (1344ms)
			LoadAssemblies (119ms)
			RebuildTransferFunctionScriptingTraits (0ms)
			SetupTypeCache (360ms)
			ReleaseScriptCaches (1ms)
			RebuildScriptCaches (75ms)
			SetupLoadedEditorAssemblies (615ms)
				LogAssemblyErrors (0ms)
				InitializePlatformSupportModulesInManaged (8ms)
				SetLoadedEditorAssemblies (1ms)
				RefreshPlugins (1ms)
				BeforeProcessingInitializeOnLoad (129ms)
				ProcessInitializeOnLoadAttributes (426ms)
				ProcessInitializeOnLoadMethodAttributes (47ms)
				AfterProcessingInitializeOnLoad (3ms)
				EditorAssembliesLoaded (0ms)
			ExecutionOrderSort2 (0ms)
			AwakeInstancesAfterBackupRestoration (14ms)
Platform modules already initialized, skipping
Switching build target platform(19) subTarget(0) extendedPlatform(0) -> platform(13) subTarget(537395200) extendedPlatform(0)
Refreshing native plugins compatible for Editor in 1.06 ms, found 3 plugins.
Preloading 0 native plugins for Editor in 0.00 ms.
Unloading 2651 Unused Serialized files (Serialized files now loaded: 0)
System memory in use before: 112.2 MB.
System memory in use after: 112.3 MB.

Unloading 57 unused Assets to reduce memory usage. Loaded Objects now: 3163.
Total: 7.380300 ms (FindLiveObjects: 0.257000 ms CreateObjectMapping: 0.117500 ms MarkObjects: 6.838600 ms  DeleteObjects: 0.165400 ms)

AssetImportParameters requested are different than current active one (requested -> active):
  custom:framework-win-MediaFoundation: 216162199b28c13a410421893ffa2e32 -> 
  custom:video-decoder-ogg-theora: a1e56fd34408186e4bbccfd4996cb3dc -> 
  custom:container-muxer-webm: aa71ff27fc2769a1b78a27578f13a17b -> 
  custom:container-demuxer-webm: 4f35f7cbe854078d1ac9338744f61a02 -> 
  custom:container-demuxer-ogg: 62fdf1f143b41e24485cea50d1cbac27 -> 
  custom:video-encoder-webm-vp8: eb34c28f22e8b96e1ab97ce403110664 -> 
  custom:video-decoder-webm-vp8: 9c59270c3fd7afecdb556c50c9e8de78 -> 
  custom:graphics/normal-map-encoding: 01000000000000000000000000000000 -> 02000000000000000000000000000000
  custom:audio-decoder-ogg-vorbis: bf7c407c2cedff20999df2af8eb42d56 -> 
  custom:audio-encoder-webm-vorbis: bf7c407c2cedff20999df2af8eb42d56 -> 
========================================================================
Received Prepare
Registering precompiled user dll's ...
Registered in 0.005083 seconds.
Begin MonoManager ReloadAssembly
Native extension for Lumin target not found
Native extension for WindowsStandalone target not found
Native extension for WebGL target not found
Refreshing native plugins compatible for Editor in 1.01 ms, found 3 plugins.
Preloading 0 native plugins for Editor in 0.00 ms.
Mono: successfully reloaded assembly
- Completed reload, in  1.623 seconds
Domain Reload Profiling:
	ReloadAssembly (1623ms)
		BeginReloadAssembly (145ms)
			ExecutionOrderSort (0ms)
			DisableScriptedObjects (9ms)
			BackupInstance (0ms)
			ReleaseScriptingObjects (0ms)
			CreateAndSetChildDomain (44ms)
		EndReloadAssembly (1407ms)
			LoadAssemblies (147ms)
			RebuildTransferFunctionScriptingTraits (0ms)
			SetupTypeCache (373ms)
			ReleaseScriptCaches (1ms)
			RebuildScriptCaches (72ms)
			SetupLoadedEditorAssemblies (642ms)
				LogAssemblyErrors (0ms)
				InitializePlatformSupportModulesInManaged (8ms)
				SetLoadedEditorAssemblies (1ms)
				RefreshPlugins (1ms)
				BeforeProcessingInitializeOnLoad (123ms)
				ProcessInitializeOnLoadAttributes (462ms)
				ProcessInitializeOnLoadMethodAttributes (45ms)
				AfterProcessingInitializeOnLoad (3ms)
				EditorAssembliesLoaded (0ms)
			ExecutionOrderSort2 (0ms)
			AwakeInstancesAfterBackupRestoration (14ms)
Platform modules already initialized, skipping
Switching build target platform(19) subTarget(0) extendedPlatform(0) -> platform(13) subTarget(537395200) extendedPlatform(0)
Refreshing native plugins compatible for Editor in 1.13 ms, found 3 plugins.
Preloading 0 native plugins for Editor in 0.00 ms.
Unloading 2651 Unused Serialized files (Serialized files now loaded: 0)
System memory in use before: 112.2 MB.
System memory in use after: 112.3 MB.

Unloading 57 unused Assets to reduce memory usage. Loaded Objects now: 3167.
Total: 7.130700 ms (FindLiveObjects: 0.279100 ms CreateObjectMapping: 0.110500 ms MarkObjects: 6.581500 ms  DeleteObjects: 0.157600 ms)

AssetImportParameters requested are different than current active one (requested -> active):
  custom:framework-win-MediaFoundation: 216162199b28c13a410421893ffa2e32 -> 
  custom:video-decoder-ogg-theora: a1e56fd34408186e4bbccfd4996cb3dc -> 
  custom:container-muxer-webm: aa71ff27fc2769a1b78a27578f13a17b -> 
  custom:container-demuxer-webm: 4f35f7cbe854078d1ac9338744f61a02 -> 
  custom:container-demuxer-ogg: 62fdf1f143b41e24485cea50d1cbac27 -> 
  custom:video-encoder-webm-vp8: eb34c28f22e8b96e1ab97ce403110664 -> 
  custom:video-decoder-webm-vp8: 9c59270c3fd7afecdb556c50c9e8de78 -> 
  custom:graphics/normal-map-encoding: 01000000000000000000000000000000 -> 02000000000000000000000000000000
  custom:audio-decoder-ogg-vorbis: bf7c407c2cedff20999df2af8eb42d56 -> 
  custom:audio-encoder-webm-vorbis: bf7c407c2cedff20999df2af8eb42d56 -> 
========================================================================
Received Import Request.
  Time since last request: 892.362970 seconds.
  path: Assets/Resources/Prefabs/MiniGameWindow.prefab
  artifactKey: Guid(c1fcb9f29e44d9f4da0dda11a8832391) Importer(815301076,1909f56bfc062723c751e8b465ee728b)
Start importing Assets/Resources/Prefabs/MiniGameWindow.prefab using Guid(c1fcb9f29e44d9f4da0dda11a8832391) Importer(815301076,1909f56bfc062723c751e8b465ee728b)  -> (artifact id: 'c46ea614cd46389a0028e2460858e126') in 0.121991 seconds 
  Import took 0.127854 seconds .

========================================================================
Received Prepare
Registering precompiled user dll's ...
Registered in 0.005107 seconds.
Begin MonoManager ReloadAssembly
Native extension for Lumin target not found
Native extension for WindowsStandalone target not found
Native extension for WebGL target not found
Refreshing native plugins compatible for Editor in 1.10 ms, found 3 plugins.
Preloading 0 native plugins for Editor in 0.00 ms.
Mono: successfully reloaded assembly
- Completed reload, in  1.571 seconds
Domain Reload Profiling:
	ReloadAssembly (1571ms)
		BeginReloadAssembly (155ms)
			ExecutionOrderSort (0ms)
			DisableScriptedObjects (10ms)
			BackupInstance (0ms)
			ReleaseScriptingObjects (0ms)
			CreateAndSetChildDomain (47ms)
		EndReloadAssembly (1344ms)
			LoadAssemblies (120ms)
			RebuildTransferFunctionScriptingTraits (0ms)
			SetupTypeCache (364ms)
			ReleaseScriptCaches (1ms)
			RebuildScriptCaches (72ms)
			SetupLoadedEditorAssemblies (605ms)
				LogAssemblyErrors (0ms)
				InitializePlatformSupportModulesInManaged (8ms)
				SetLoadedEditorAssemblies (1ms)
				RefreshPlugins (1ms)
				BeforeProcessingInitializeOnLoad (129ms)
				ProcessInitializeOnLoadAttributes (416ms)
				ProcessInitializeOnLoadMethodAttributes (47ms)
				AfterProcessingInitializeOnLoad (3ms)
				EditorAssembliesLoaded (0ms)
			ExecutionOrderSort2 (0ms)
			AwakeInstancesAfterBackupRestoration (15ms)
Platform modules already initialized, skipping
Switching build target platform(19) subTarget(0) extendedPlatform(0) -> platform(13) subTarget(537395200) extendedPlatform(0)
Refreshing native plugins compatible for Editor in 1.00 ms, found 3 plugins.
Preloading 0 native plugins for Editor in 0.00 ms.
Unloading 2651 Unused Serialized files (Serialized files now loaded: 0)
System memory in use before: 112.2 MB.
System memory in use after: 112.3 MB.

Unloading 59 unused Assets to reduce memory usage. Loaded Objects now: 3171.
Total: 7.450400 ms (FindLiveObjects: 0.293500 ms CreateObjectMapping: 0.110800 ms MarkObjects: 6.879800 ms  DeleteObjects: 0.164900 ms)

AssetImportParameters requested are different than current active one (requested -> active):
  custom:framework-win-MediaFoundation: 216162199b28c13a410421893ffa2e32 -> 
  custom:video-decoder-ogg-theora: a1e56fd34408186e4bbccfd4996cb3dc -> 
  custom:container-muxer-webm: aa71ff27fc2769a1b78a27578f13a17b -> 
  custom:container-demuxer-webm: 4f35f7cbe854078d1ac9338744f61a02 -> 
  custom:container-demuxer-ogg: 62fdf1f143b41e24485cea50d1cbac27 -> 
  custom:video-encoder-webm-vp8: eb34c28f22e8b96e1ab97ce403110664 -> 
  custom:video-decoder-webm-vp8: 9c59270c3fd7afecdb556c50c9e8de78 -> 
  custom:graphics/normal-map-encoding: 01000000000000000000000000000000 -> 02000000000000000000000000000000
  custom:audio-decoder-ogg-vorbis: bf7c407c2cedff20999df2af8eb42d56 -> 
  custom:audio-encoder-webm-vorbis: bf7c407c2cedff20999df2af8eb42d56 -> 
========================================================================
Received Prepare
Registering precompiled user dll's ...
Registered in 0.004668 seconds.
Begin MonoManager ReloadAssembly
Native extension for Lumin target not found
Native extension for WindowsStandalone target not found
Native extension for WebGL target not found
Refreshing native plugins compatible for Editor in 1.01 ms, found 3 plugins.
Preloading 0 native plugins for Editor in 0.00 ms.
Mono: successfully reloaded assembly
- Completed reload, in  1.578 seconds
Domain Reload Profiling:
	ReloadAssembly (1579ms)
		BeginReloadAssembly (151ms)
			ExecutionOrderSort (0ms)
			DisableScriptedObjects (9ms)
			BackupInstance (0ms)
			ReleaseScriptingObjects (0ms)
			CreateAndSetChildDomain (43ms)
		EndReloadAssembly (1356ms)
			LoadAssemblies (118ms)
			RebuildTransferFunctionScriptingTraits (0ms)
			SetupTypeCache (375ms)
			ReleaseScriptCaches (1ms)
			RebuildScriptCaches (70ms)
			SetupLoadedEditorAssemblies (616ms)
				LogAssemblyErrors (0ms)
				InitializePlatformSupportModulesInManaged (8ms)
				SetLoadedEditorAssemblies (1ms)
				RefreshPlugins (1ms)
				BeforeProcessingInitializeOnLoad (126ms)
				ProcessInitializeOnLoadAttributes (434ms)
				ProcessInitializeOnLoadMethodAttributes (44ms)
				AfterProcessingInitializeOnLoad (3ms)
				EditorAssembliesLoaded (0ms)
			ExecutionOrderSort2 (0ms)
			AwakeInstancesAfterBackupRestoration (14ms)
Platform modules already initialized, skipping
Switching build target platform(19) subTarget(0) extendedPlatform(0) -> platform(13) subTarget(537395200) extendedPlatform(0)
Refreshing native plugins compatible for Editor in 1.30 ms, found 3 plugins.
Preloading 0 native plugins for Editor in 0.00 ms.
Unloading 2651 Unused Serialized files (Serialized files now loaded: 0)
System memory in use before: 112.2 MB.
System memory in use after: 112.3 MB.

Unloading 57 unused Assets to reduce memory usage. Loaded Objects now: 3175.
Total: 7.576200 ms (FindLiveObjects: 0.336900 ms CreateObjectMapping: 0.110500 ms MarkObjects: 6.970600 ms  DeleteObjects: 0.156700 ms)

AssetImportParameters requested are different than current active one (requested -> active):
  custom:framework-win-MediaFoundation: 216162199b28c13a410421893ffa2e32 -> 
  custom:video-decoder-ogg-theora: a1e56fd34408186e4bbccfd4996cb3dc -> 
  custom:container-muxer-webm: aa71ff27fc2769a1b78a27578f13a17b -> 
  custom:container-demuxer-webm: 4f35f7cbe854078d1ac9338744f61a02 -> 
  custom:container-demuxer-ogg: 62fdf1f143b41e24485cea50d1cbac27 -> 
  custom:video-encoder-webm-vp8: eb34c28f22e8b96e1ab97ce403110664 -> 
  custom:video-decoder-webm-vp8: 9c59270c3fd7afecdb556c50c9e8de78 -> 
  custom:graphics/normal-map-encoding: 01000000000000000000000000000000 -> 02000000000000000000000000000000
  custom:audio-decoder-ogg-vorbis: bf7c407c2cedff20999df2af8eb42d56 -> 
  custom:audio-encoder-webm-vorbis: bf7c407c2cedff20999df2af8eb42d56 -> 
========================================================================
Received Prepare
Registering precompiled user dll's ...
Registered in 0.005032 seconds.
Begin MonoManager ReloadAssembly
Native extension for Lumin target not found
Native extension for WindowsStandalone target not found
Native extension for WebGL target not found
Refreshing native plugins compatible for Editor in 1.00 ms, found 3 plugins.
Preloading 0 native plugins for Editor in 0.00 ms.
Mono: successfully reloaded assembly
- Completed reload, in  1.579 seconds
Domain Reload Profiling:
	ReloadAssembly (1580ms)
		BeginReloadAssembly (150ms)
			ExecutionOrderSort (0ms)
			DisableScriptedObjects (9ms)
			BackupInstance (0ms)
			ReleaseScriptingObjects (0ms)
			CreateAndSetChildDomain (44ms)
		EndReloadAssembly (1359ms)
			LoadAssemblies (118ms)
			RebuildTransferFunctionScriptingTraits (0ms)
			SetupTypeCache (361ms)
			ReleaseScriptCaches (1ms)
			RebuildScriptCaches (74ms)
			SetupLoadedEditorAssemblies (626ms)
				LogAssemblyErrors (0ms)
				InitializePlatformSupportModulesInManaged (8ms)
				SetLoadedEditorAssemblies (1ms)
				RefreshPlugins (1ms)
				BeforeProcessingInitializeOnLoad (123ms)
				ProcessInitializeOnLoadAttributes (446ms)
				ProcessInitializeOnLoadMethodAttributes (44ms)
				AfterProcessingInitializeOnLoad (3ms)
				EditorAssembliesLoaded (0ms)
			ExecutionOrderSort2 (0ms)
			AwakeInstancesAfterBackupRestoration (14ms)
Platform modules already initialized, skipping
Switching build target platform(19) subTarget(0) extendedPlatform(0) -> platform(13) subTarget(537395200) extendedPlatform(0)
Refreshing native plugins compatible for Editor in 1.06 ms, found 3 plugins.
Preloading 0 native plugins for Editor in 0.00 ms.
Unloading 2651 Unused Serialized files (Serialized files now loaded: 0)
System memory in use before: 112.1 MB.
System memory in use after: 112.2 MB.

Unloading 57 unused Assets to reduce memory usage. Loaded Objects now: 3179.
Total: 7.331800 ms (FindLiveObjects: 0.254700 ms CreateObjectMapping: 0.110800 ms MarkObjects: 6.796700 ms  DeleteObjects: 0.167600 ms)

AssetImportParameters requested are different than current active one (requested -> active):
  custom:framework-win-MediaFoundation: 216162199b28c13a410421893ffa2e32 -> 
  custom:video-decoder-ogg-theora: a1e56fd34408186e4bbccfd4996cb3dc -> 
  custom:container-muxer-webm: aa71ff27fc2769a1b78a27578f13a17b -> 
  custom:container-demuxer-webm: 4f35f7cbe854078d1ac9338744f61a02 -> 
  custom:container-demuxer-ogg: 62fdf1f143b41e24485cea50d1cbac27 -> 
  custom:video-encoder-webm-vp8: eb34c28f22e8b96e1ab97ce403110664 -> 
  custom:video-decoder-webm-vp8: 9c59270c3fd7afecdb556c50c9e8de78 -> 
  custom:graphics/normal-map-encoding: 01000000000000000000000000000000 -> 02000000000000000000000000000000
  custom:audio-decoder-ogg-vorbis: bf7c407c2cedff20999df2af8eb42d56 -> 
  custom:audio-encoder-webm-vorbis: bf7c407c2cedff20999df2af8eb42d56 -> 
========================================================================
Received Prepare
Registering precompiled user dll's ...
Registered in 0.004645 seconds.
Begin MonoManager ReloadAssembly
Native extension for Lumin target not found
Native extension for WindowsStandalone target not found
Native extension for WebGL target not found
Refreshing native plugins compatible for Editor in 1.01 ms, found 3 plugins.
Preloading 0 native plugins for Editor in 0.00 ms.
Mono: successfully reloaded assembly
- Completed reload, in  1.638 seconds
Domain Reload Profiling:
	ReloadAssembly (1639ms)
		BeginReloadAssembly (151ms)
			ExecutionOrderSort (0ms)
			DisableScriptedObjects (9ms)
			BackupInstance (0ms)
			ReleaseScriptingObjects (0ms)
			CreateAndSetChildDomain (44ms)
		EndReloadAssembly (1414ms)
			LoadAssemblies (123ms)
			RebuildTransferFunctionScriptingTraits (0ms)
			SetupTypeCache (377ms)
			ReleaseScriptCaches (1ms)
			RebuildScriptCaches (73ms)
			SetupLoadedEditorAssemblies (652ms)
				LogAssemblyErrors (0ms)
				InitializePlatformSupportModulesInManaged (8ms)
				SetLoadedEditorAssemblies (1ms)
				RefreshPlugins (1ms)
				BeforeProcessingInitializeOnLoad (129ms)
				ProcessInitializeOnLoadAttributes (462ms)
				ProcessInitializeOnLoadMethodAttributes (49ms)
				AfterProcessingInitializeOnLoad (3ms)
				EditorAssembliesLoaded (0ms)
			ExecutionOrderSort2 (0ms)
			AwakeInstancesAfterBackupRestoration (14ms)
Platform modules already initialized, skipping
Switching build target platform(19) subTarget(0) extendedPlatform(0) -> platform(13) subTarget(537395200) extendedPlatform(0)
Refreshing native plugins compatible for Editor in 0.98 ms, found 3 plugins.
Preloading 0 native plugins for Editor in 0.00 ms.
Unloading 2651 Unused Serialized files (Serialized files now loaded: 0)
System memory in use before: 112.2 MB.
System memory in use after: 112.3 MB.

Unloading 57 unused Assets to reduce memory usage. Loaded Objects now: 3183.
Total: 7.708700 ms (FindLiveObjects: 0.257700 ms CreateObjectMapping: 0.112100 ms MarkObjects: 7.167900 ms  DeleteObjects: 0.169400 ms)

AssetImportParameters requested are different than current active one (requested -> active):
  custom:framework-win-MediaFoundation: 216162199b28c13a410421893ffa2e32 -> 
  custom:video-decoder-ogg-theora: a1e56fd34408186e4bbccfd4996cb3dc -> 
  custom:container-muxer-webm: aa71ff27fc2769a1b78a27578f13a17b -> 
  custom:container-demuxer-webm: 4f35f7cbe854078d1ac9338744f61a02 -> 
  custom:container-demuxer-ogg: 62fdf1f143b41e24485cea50d1cbac27 -> 
  custom:video-encoder-webm-vp8: eb34c28f22e8b96e1ab97ce403110664 -> 
  custom:video-decoder-webm-vp8: 9c59270c3fd7afecdb556c50c9e8de78 -> 
  custom:graphics/normal-map-encoding: 01000000000000000000000000000000 -> 02000000000000000000000000000000
  custom:audio-decoder-ogg-vorbis: bf7c407c2cedff20999df2af8eb42d56 -> 
  custom:audio-encoder-webm-vorbis: bf7c407c2cedff20999df2af8eb42d56 -> 
========================================================================
Received Import Request.
  Time since last request: 298.910411 seconds.
  path: Assets/Scenes/Game.unity
  artifactKey: Guid(555809760c4f66c4e84f2c0d02b3c003) Importer(815301076,1909f56bfc062723c751e8b465ee728b)
Start importing Assets/Scenes/Game.unity using Guid(555809760c4f66c4e84f2c0d02b3c003) Importer(815301076,1909f56bfc062723c751e8b465ee728b)  -> (artifact id: '1d81bf78570156d63a29d13931f64b67') in 0.025095 seconds 
  Import took 0.051504 seconds .

========================================================================
Received Prepare
Registering precompiled user dll's ...
Registered in 0.004673 seconds.
Begin MonoManager ReloadAssembly
Native extension for Lumin target not found
Native extension for WindowsStandalone target not found
Native extension for WebGL target not found
Refreshing native plugins compatible for Editor in 1.01 ms, found 3 plugins.
Preloading 0 native plugins for Editor in 0.00 ms.
Mono: successfully reloaded assembly
- Completed reload, in  1.688 seconds
Domain Reload Profiling:
	ReloadAssembly (1688ms)
		BeginReloadAssembly (133ms)
			ExecutionOrderSort (0ms)
			DisableScriptedObjects (9ms)
			BackupInstance (0ms)
			ReleaseScriptingObjects (0ms)
			CreateAndSetChildDomain (43ms)
		EndReloadAssembly (1484ms)
			LoadAssemblies (115ms)
			RebuildTransferFunctionScriptingTraits (0ms)
			SetupTypeCache (365ms)
			ReleaseScriptCaches (1ms)
			RebuildScriptCaches (72ms)
			SetupLoadedEditorAssemblies (686ms)
				LogAssemblyErrors (0ms)
				InitializePlatformSupportModulesInManaged (8ms)
				SetLoadedEditorAssemblies (1ms)
				RefreshPlugins (1ms)
				BeforeProcessingInitializeOnLoad (124ms)
				ProcessInitializeOnLoadAttributes (486ms)
				ProcessInitializeOnLoadMethodAttributes (54ms)
				AfterProcessingInitializeOnLoad (13ms)
				EditorAssembliesLoaded (0ms)
			ExecutionOrderSort2 (0ms)
			AwakeInstancesAfterBackupRestoration (18ms)
Platform modules already initialized, skipping
Switching build target platform(19) subTarget(0) extendedPlatform(0) -> platform(13) subTarget(537395200) extendedPlatform(0)
Refreshing native plugins compatible for Editor in 1.02 ms, found 3 plugins.
Preloading 0 native plugins for Editor in 0.00 ms.
Unloading 2651 Unused Serialized files (Serialized files now loaded: 0)
System memory in use before: 112.2 MB.
System memory in use after: 112.3 MB.

Unloading 57 unused Assets to reduce memory usage. Loaded Objects now: 3187.
Total: 7.931100 ms (FindLiveObjects: 0.281700 ms CreateObjectMapping: 0.111000 ms MarkObjects: 7.357600 ms  DeleteObjects: 0.178600 ms)

AssetImportParameters requested are different than current active one (requested -> active):
  custom:framework-win-MediaFoundation: 216162199b28c13a410421893ffa2e32 -> 
  custom:video-decoder-ogg-theora: a1e56fd34408186e4bbccfd4996cb3dc -> 
  custom:container-muxer-webm: aa71ff27fc2769a1b78a27578f13a17b -> 
  custom:container-demuxer-webm: 4f35f7cbe854078d1ac9338744f61a02 -> 
  custom:container-demuxer-ogg: 62fdf1f143b41e24485cea50d1cbac27 -> 
  custom:video-encoder-webm-vp8: eb34c28f22e8b96e1ab97ce403110664 -> 
  custom:video-decoder-webm-vp8: 9c59270c3fd7afecdb556c50c9e8de78 -> 
  custom:graphics/normal-map-encoding: 01000000000000000000000000000000 -> 02000000000000000000000000000000
  custom:audio-decoder-ogg-vorbis: bf7c407c2cedff20999df2af8eb42d56 -> 
  custom:audio-encoder-webm-vorbis: bf7c407c2cedff20999df2af8eb42d56 -> 
========================================================================
Received Prepare
Registering precompiled user dll's ...
Registered in 0.004856 seconds.
Begin MonoManager ReloadAssembly
Native extension for Lumin target not found
Native extension for WindowsStandalone target not found
Native extension for WebGL target not found
Refreshing native plugins compatible for Editor in 1.02 ms, found 3 plugins.
Preloading 0 native plugins for Editor in 0.00 ms.
Mono: successfully reloaded assembly
- Completed reload, in  1.660 seconds
Domain Reload Profiling:
	ReloadAssembly (1660ms)
		BeginReloadAssembly (138ms)
			ExecutionOrderSort (0ms)
			DisableScriptedObjects (9ms)
			BackupInstance (0ms)
			ReleaseScriptingObjects (0ms)
			CreateAndSetChildDomain (45ms)
		EndReloadAssembly (1450ms)
			LoadAssemblies (118ms)
			RebuildTransferFunctionScriptingTraits (0ms)
			SetupTypeCache (389ms)
			ReleaseScriptCaches (1ms)
			RebuildScriptCaches (74ms)
			SetupLoadedEditorAssemblies (674ms)
				LogAssemblyErrors (0ms)
				InitializePlatformSupportModulesInManaged (8ms)
				SetLoadedEditorAssemblies (1ms)
				RefreshPlugins (1ms)
				BeforeProcessingInitializeOnLoad (123ms)
				ProcessInitializeOnLoadAttributes (492ms)
				ProcessInitializeOnLoadMethodAttributes (46ms)
				AfterProcessingInitializeOnLoad (3ms)
				EditorAssembliesLoaded (0ms)
			ExecutionOrderSort2 (0ms)
			AwakeInstancesAfterBackupRestoration (14ms)
Platform modules already initialized, skipping
Switching build target platform(19) subTarget(0) extendedPlatform(0) -> platform(13) subTarget(537395200) extendedPlatform(0)
Refreshing native plugins compatible for Editor in 1.04 ms, found 3 plugins.
Preloading 0 native plugins for Editor in 0.00 ms.
Unloading 2651 Unused Serialized files (Serialized files now loaded: 0)
System memory in use before: 112.3 MB.
System memory in use after: 112.3 MB.

Unloading 57 unused Assets to reduce memory usage. Loaded Objects now: 3191.
Total: 7.602100 ms (FindLiveObjects: 0.264100 ms CreateObjectMapping: 0.120500 ms MarkObjects: 7.058200 ms  DeleteObjects: 0.157500 ms)

AssetImportParameters requested are different than current active one (requested -> active):
  custom:framework-win-MediaFoundation: 216162199b28c13a410421893ffa2e32 -> 
  custom:video-decoder-ogg-theora: a1e56fd34408186e4bbccfd4996cb3dc -> 
  custom:container-muxer-webm: aa71ff27fc2769a1b78a27578f13a17b -> 
  custom:container-demuxer-webm: 4f35f7cbe854078d1ac9338744f61a02 -> 
  custom:container-demuxer-ogg: 62fdf1f143b41e24485cea50d1cbac27 -> 
  custom:video-encoder-webm-vp8: eb34c28f22e8b96e1ab97ce403110664 -> 
  custom:video-decoder-webm-vp8: 9c59270c3fd7afecdb556c50c9e8de78 -> 
  custom:graphics/normal-map-encoding: 01000000000000000000000000000000 -> 02000000000000000000000000000000
  custom:audio-decoder-ogg-vorbis: bf7c407c2cedff20999df2af8eb42d56 -> 
  custom:audio-encoder-webm-vorbis: bf7c407c2cedff20999df2af8eb42d56 -> 
========================================================================
Received Prepare
Registering precompiled user dll's ...
Registered in 0.005849 seconds.
Begin MonoManager ReloadAssembly
Native extension for Lumin target not found
Native extension for WindowsStandalone target not found
Native extension for WebGL target not found
Refreshing native plugins compatible for Editor in 1.25 ms, found 3 plugins.
Preloading 0 native plugins for Editor in 0.00 ms.
Mono: successfully reloaded assembly
- Completed reload, in  1.656 seconds
Domain Reload Profiling:
	ReloadAssembly (1657ms)
		BeginReloadAssembly (142ms)
			ExecutionOrderSort (0ms)
			DisableScriptedObjects (9ms)
			BackupInstance (0ms)
			ReleaseScriptingObjects (0ms)
			CreateAndSetChildDomain (47ms)
		EndReloadAssembly (1443ms)
			LoadAssemblies (123ms)
			RebuildTransferFunctionScriptingTraits (0ms)
			SetupTypeCache (377ms)
			ReleaseScriptCaches (1ms)
			RebuildScriptCaches (70ms)
			SetupLoadedEditorAssemblies (677ms)
				LogAssemblyErrors (0ms)
				InitializePlatformSupportModulesInManaged (7ms)
				SetLoadedEditorAssemblies (1ms)
				RefreshPlugins (1ms)
				BeforeProcessingInitializeOnLoad (127ms)
				ProcessInitializeOnLoadAttributes (491ms)
				ProcessInitializeOnLoadMethodAttributes (45ms)
				AfterProcessingInitializeOnLoad (4ms)
				EditorAssembliesLoaded (0ms)
			ExecutionOrderSort2 (0ms)
			AwakeInstancesAfterBackupRestoration (14ms)
Platform modules already initialized, skipping
Switching build target platform(19) subTarget(0) extendedPlatform(0) -> platform(13) subTarget(537395200) extendedPlatform(0)
Refreshing native plugins compatible for Editor in 1.00 ms, found 3 plugins.
Preloading 0 native plugins for Editor in 0.00 ms.
Unloading 2651 Unused Serialized files (Serialized files now loaded: 0)
System memory in use before: 112.3 MB.
System memory in use after: 112.3 MB.

Unloading 57 unused Assets to reduce memory usage. Loaded Objects now: 3195.
Total: 7.003800 ms (FindLiveObjects: 0.300000 ms CreateObjectMapping: 0.112700 ms MarkObjects: 6.427100 ms  DeleteObjects: 0.162300 ms)

AssetImportParameters requested are different than current active one (requested -> active):
  custom:framework-win-MediaFoundation: 216162199b28c13a410421893ffa2e32 -> 
  custom:video-decoder-ogg-theora: a1e56fd34408186e4bbccfd4996cb3dc -> 
  custom:container-muxer-webm: aa71ff27fc2769a1b78a27578f13a17b -> 
  custom:container-demuxer-webm: 4f35f7cbe854078d1ac9338744f61a02 -> 
  custom:container-demuxer-ogg: 62fdf1f143b41e24485cea50d1cbac27 -> 
  custom:video-encoder-webm-vp8: eb34c28f22e8b96e1ab97ce403110664 -> 
  custom:video-decoder-webm-vp8: 9c59270c3fd7afecdb556c50c9e8de78 -> 
  custom:graphics/normal-map-encoding: 01000000000000000000000000000000 -> 02000000000000000000000000000000
  custom:audio-decoder-ogg-vorbis: bf7c407c2cedff20999df2af8eb42d56 -> 
  custom:audio-encoder-webm-vorbis: bf7c407c2cedff20999df2af8eb42d56 -> 
========================================================================
Received Import Request.
  Time since last request: 1285.150687 seconds.
  path: Assets/Resources/Prefabs/MiniGameCheck.prefab
  artifactKey: Guid(fb74118ae1b8e4e42bc65d45cf2ff538) Importer(815301076,1909f56bfc062723c751e8b465ee728b)
Start importing Assets/Resources/Prefabs/MiniGameCheck.prefab using Guid(fb74118ae1b8e4e42bc65d45cf2ff538) Importer(815301076,1909f56bfc062723c751e8b465ee728b)  -> (artifact id: 'edde9a7e168985ac4ce6d33f3ac9fe4c') in 0.122936 seconds 
  Import took 0.138769 seconds .

========================================================================
Received Import Request.
  Time since last request: 17.680180 seconds.
  path: Assets/Resources/Prefabs/MiniGameWindow.prefab
  artifactKey: Guid(c1fcb9f29e44d9f4da0dda11a8832391) Importer(815301076,1909f56bfc062723c751e8b465ee728b)
Start importing Assets/Resources/Prefabs/MiniGameWindow.prefab using Guid(c1fcb9f29e44d9f4da0dda11a8832391) Importer(815301076,1909f56bfc062723c751e8b465ee728b)  -> (artifact id: 'be8bb11289dc9a2dae96a33b4e2b827a') in 0.042371 seconds 
  Import took 0.067100 seconds .

========================================================================
Received Import Request.
  Time since last request: 8.404231 seconds.
  path: Assets/Resources/Prefabs/MiniGameWindow.prefab
  artifactKey: Guid(c1fcb9f29e44d9f4da0dda11a8832391) Importer(815301076,1909f56bfc062723c751e8b465ee728b)
Start importing Assets/Resources/Prefabs/MiniGameWindow.prefab using Guid(c1fcb9f29e44d9f4da0dda11a8832391) Importer(815301076,1909f56bfc062723c751e8b465ee728b)  -> (artifact id: '78c0f613aeaf8ae821b491955a8a653b') in 0.035390 seconds 
  Import took 0.054873 seconds .

